<?xml version="1.0" encoding="utf-8"?>
<CoverageSession xmlns:xsd="http://www.w3.org/2001/XMLSchema" xmlns:xsi="http://www.w3.org/2001/XMLSchema-instance" Version="4.6.0.0">
  <Summary numSequencePoints="828" visitedSequencePoints="592" numBranchPoints="211" visitedBranchPoints="142" sequenceCoverage="71.50" branchCoverage="67.30" maxCyclomaticComplexity="24" minCyclomaticComplexity="1" maxCrapScore="600" minCrapScore="1" visitedClasses="8" numClasses="8" visitedMethods="67" numMethods="72" />
  <Modules>
    <Module hash="2C-6A-D0-A5-36-ED-D7-3E-55-E8-00-EC-FE-31-80-3E-21-AF-80-10">
      <Summary numSequencePoints="314" visitedSequencePoints="294" numBranchPoints="52" visitedBranchPoints="52" sequenceCoverage="93.63" branchCoverage="100" maxCyclomaticComplexity="8" minCyclomaticComplexity="1" maxCrapScore="9.25" minCrapScore="1" visitedClasses="4" numClasses="4" visitedMethods="30" numMethods="30" />
      <ModulePath>C:\git\96521497\MyFirstProject\HW5\HW5Tests\bin\Debug\HW5Tests.dll</ModulePath>
      <ModuleTime>2018-04-29T16:45:13.4388856Z</ModuleTime>
      <ModuleName>HW5Tests</ModuleName>
      <Files>
        <File uid="1" fullPath="C:\git\96521497\MyFirstProject\HW5\HW5Tests\IngredientTests.cs" />
        <File uid="2" fullPath="C:\git\96521497\MyFirstProject\HW5\HW5Tests\ProgramTests.cs" />
        <File uid="3" fullPath="C:\git\96521497\MyFirstProject\HW5\HW5Tests\RecipeBookTests.cs" />
        <File uid="4" fullPath="C:\git\96521497\MyFirstProject\HW5\HW5Tests\RecipeTests.cs" />
      </Files>
      <Classes>
        <Class>
          <Summary numSequencePoints="39" visitedSequencePoints="39" numBranchPoints="5" visitedBranchPoints="5" sequenceCoverage="100" branchCoverage="100" maxCyclomaticComplexity="3" minCyclomaticComplexity="1" maxCrapScore="3" minCrapScore="1" visitedClasses="1" numClasses="1" visitedMethods="5" numMethods="5" />
          <FullName>Assignment5.Tests.IngredientTests</FullName>
          <Methods>
            <Method visited="true" cyclomaticComplexity="1" nPathComplexity="0" sequenceCoverage="100" branchCoverage="100" crapScore="1" isConstructor="false" isStatic="false" isGetter="false" isSetter="false">
              <Summary numSequencePoints="6" visitedSequencePoints="6" numBranchPoints="1" visitedBranchPoints="1" sequenceCoverage="100" branchCoverage="100" maxCyclomaticComplexity="1" minCyclomaticComplexity="1" maxCrapScore="1" minCrapScore="1" visitedClasses="0" numClasses="0" visitedMethods="1" numMethods="1" />
              <MetadataToken>100663297</MetadataToken>
              <Name>System.Void Assignment5.Tests.IngredientTests::IngredientTest()</Name>
              <FileRef uid="1" />
              <SequencePoints>
                <SequencePoint vc="1" uspid="1" ordinal="0" offset="0" sl="22" sc="9" el="22" ec="10" bec="0" bev="0" fileid="1">
                  <TrackedMethodRefs>
                    <TrackedMethodRef uid="1" vc="1" />
                  </TrackedMethodRefs>
                </SequencePoint>
                <SequencePoint vc="1" uspid="2" ordinal="1" offset="1" sl="23" sc="13" el="23" ec="56" bec="0" bev="0" fileid="1">
                  <TrackedMethodRefs>
                    <TrackedMethodRef uid="1" vc="1" />
                  </TrackedMethodRefs>
                </SequencePoint>
                <SequencePoint vc="1" uspid="3" ordinal="2" offset="22" sl="24" sc="13" el="24" ec="70" bec="0" bev="0" fileid="1">
                  <TrackedMethodRefs>
                    <TrackedMethodRef uid="1" vc="1" />
                  </TrackedMethodRefs>
                </SequencePoint>
                <SequencePoint vc="1" uspid="4" ordinal="3" offset="43" sl="25" sc="13" el="25" ec="64" bec="0" bev="0" fileid="1">
                  <TrackedMethodRefs>
                    <TrackedMethodRef uid="1" vc="1" />
                  </TrackedMethodRefs>
                </SequencePoint>
                <SequencePoint vc="1" uspid="5" ordinal="4" offset="64" sl="26" sc="13" el="26" ec="56" bec="0" bev="0" fileid="1">
                  <TrackedMethodRefs>
                    <TrackedMethodRef uid="1" vc="1" />
                  </TrackedMethodRefs>
                </SequencePoint>
                <SequencePoint vc="1" uspid="6" ordinal="5" offset="85" sl="27" sc="9" el="27" ec="10" bec="0" bev="0" fileid="1">
                  <TrackedMethodRefs>
                    <TrackedMethodRef uid="1" vc="1" />
                  </TrackedMethodRefs>
                </SequencePoint>
              </SequencePoints>
              <BranchPoints />
              <MethodPoint xsi:type="SequencePoint" vc="1" uspid="1" ordinal="0" offset="0" sl="22" sc="9" el="22" ec="10" bec="0" bev="0" fileid="1">
                <TrackedMethodRefs>
                  <TrackedMethodRef uid="1" vc="1" />
                </TrackedMethodRefs>
              </MethodPoint>
            </Method>
            <Method visited="true" cyclomaticComplexity="1" nPathComplexity="0" sequenceCoverage="100" branchCoverage="100" crapScore="1" isConstructor="false" isStatic="false" isGetter="false" isSetter="false">
              <Summary numSequencePoints="9" visitedSequencePoints="9" numBranchPoints="1" visitedBranchPoints="1" sequenceCoverage="100" branchCoverage="100" maxCyclomaticComplexity="1" minCyclomaticComplexity="1" maxCrapScore="1" minCrapScore="1" visitedClasses="0" numClasses="0" visitedMethods="1" numMethods="1" />
              <MetadataToken>100663298</MetadataToken>
              <Name>System.Void Assignment5.Tests.IngredientTests::IngredientTest1()</Name>
              <FileRef uid="1" />
              <SequencePoints>
                <SequencePoint vc="1" uspid="7" ordinal="0" offset="0" sl="31" sc="9" el="31" ec="10" bec="0" bev="0" fileid="1">
                  <TrackedMethodRefs>
                    <TrackedMethodRef uid="2" vc="1" />
                  </TrackedMethodRefs>
                </SequencePoint>
                <SequencePoint vc="1" uspid="8" ordinal="1" offset="1" sl="32" sc="13" el="32" ec="62" bec="0" bev="0" fileid="1">
                  <TrackedMethodRefs>
                    <TrackedMethodRef uid="2" vc="1" />
                  </TrackedMethodRefs>
                </SequencePoint>
                <SequencePoint vc="1" uspid="9" ordinal="2" offset="7" sl="33" sc="13" el="33" ec="52" bec="0" bev="0" fileid="1">
                  <TrackedMethodRefs>
                    <TrackedMethodRef uid="2" vc="1" />
                  </TrackedMethodRefs>
                </SequencePoint>
                <SequencePoint vc="1" uspid="10" ordinal="3" offset="19" sl="34" sc="13" el="34" ec="59" bec="0" bev="0" fileid="1">
                  <TrackedMethodRefs>
                    <TrackedMethodRef uid="2" vc="1" />
                  </TrackedMethodRefs>
                </SequencePoint>
                <SequencePoint vc="1" uspid="11" ordinal="4" offset="31" sl="35" sc="13" el="35" ec="52" bec="0" bev="0" fileid="1">
                  <TrackedMethodRefs>
                    <TrackedMethodRef uid="2" vc="1" />
                  </TrackedMethodRefs>
                </SequencePoint>
                <SequencePoint vc="1" uspid="12" ordinal="5" offset="43" sl="36" sc="13" el="36" ec="61" bec="0" bev="0" fileid="1">
                  <TrackedMethodRefs>
                    <TrackedMethodRef uid="2" vc="1" />
                  </TrackedMethodRefs>
                </SequencePoint>
                <SequencePoint vc="1" uspid="13" ordinal="6" offset="64" sl="37" sc="13" el="37" ec="46" bec="0" bev="0" fileid="1">
                  <TrackedMethodRefs>
                    <TrackedMethodRef uid="2" vc="1" />
                  </TrackedMethodRefs>
                </SequencePoint>
                <SequencePoint vc="1" uspid="14" ordinal="7" offset="80" sl="38" sc="13" el="38" ec="61" bec="0" bev="0" fileid="1">
                  <TrackedMethodRefs>
                    <TrackedMethodRef uid="2" vc="1" />
                  </TrackedMethodRefs>
                </SequencePoint>
                <SequencePoint vc="1" uspid="15" ordinal="8" offset="101" sl="39" sc="9" el="39" ec="10" bec="0" bev="0" fileid="1">
                  <TrackedMethodRefs>
                    <TrackedMethodRef uid="2" vc="1" />
                  </TrackedMethodRefs>
                </SequencePoint>
              </SequencePoints>
              <BranchPoints />
              <MethodPoint xsi:type="SequencePoint" vc="1" uspid="7" ordinal="0" offset="0" sl="31" sc="9" el="31" ec="10" bec="0" bev="0" fileid="1">
                <TrackedMethodRefs>
                  <TrackedMethodRef uid="2" vc="1" />
                </TrackedMethodRefs>
              </MethodPoint>
            </Method>
            <Method visited="true" cyclomaticComplexity="1" nPathComplexity="0" sequenceCoverage="100" branchCoverage="100" crapScore="1" isConstructor="false" isStatic="false" isGetter="false" isSetter="false">
              <Summary numSequencePoints="4" visitedSequencePoints="4" numBranchPoints="1" visitedBranchPoints="1" sequenceCoverage="100" branchCoverage="100" maxCyclomaticComplexity="1" minCyclomaticComplexity="1" maxCrapScore="1" minCrapScore="1" visitedClasses="0" numClasses="0" visitedMethods="1" numMethods="1" />
              <MetadataToken>100663299</MetadataToken>
              <Name>System.Void Assignment5.Tests.IngredientTests::ToStringTest()</Name>
              <FileRef uid="1" />
              <SequencePoints>
                <SequencePoint vc="1" uspid="16" ordinal="0" offset="0" sl="43" sc="9" el="43" ec="10" bec="0" bev="0" fileid="1">
                  <TrackedMethodRefs>
                    <TrackedMethodRef uid="3" vc="1" />
                  </TrackedMethodRefs>
                </SequencePoint>
                <SequencePoint vc="1" uspid="17" ordinal="1" offset="1" sl="44" sc="13" el="44" ec="82" bec="0" bev="0" fileid="1">
                  <TrackedMethodRefs>
                    <TrackedMethodRef uid="3" vc="1" />
                  </TrackedMethodRefs>
                </SequencePoint>
                <SequencePoint vc="1" uspid="18" ordinal="2" offset="55" sl="45" sc="13" el="45" ec="72" bec="0" bev="0" fileid="1">
                  <TrackedMethodRefs>
                    <TrackedMethodRef uid="3" vc="1" />
                  </TrackedMethodRefs>
                </SequencePoint>
                <SequencePoint vc="1" uspid="19" ordinal="3" offset="72" sl="46" sc="9" el="46" ec="10" bec="0" bev="0" fileid="1">
                  <TrackedMethodRefs>
                    <TrackedMethodRef uid="3" vc="1" />
                  </TrackedMethodRefs>
                </SequencePoint>
              </SequencePoints>
              <BranchPoints />
              <MethodPoint xsi:type="SequencePoint" vc="1" uspid="16" ordinal="0" offset="0" sl="43" sc="9" el="43" ec="10" bec="0" bev="0" fileid="1">
                <TrackedMethodRefs>
                  <TrackedMethodRef uid="3" vc="1" />
                </TrackedMethodRefs>
              </MethodPoint>
            </Method>
            <Method visited="true" cyclomaticComplexity="3" nPathComplexity="0" sequenceCoverage="100" branchCoverage="100" crapScore="3" isConstructor="false" isStatic="false" isGetter="false" isSetter="false">
              <Summary numSequencePoints="15" visitedSequencePoints="15" numBranchPoints="1" visitedBranchPoints="1" sequenceCoverage="100" branchCoverage="100" maxCyclomaticComplexity="3" minCyclomaticComplexity="3" maxCrapScore="3" minCrapScore="3" visitedClasses="0" numClasses="0" visitedMethods="1" numMethods="1" />
              <MetadataToken>100663300</MetadataToken>
              <Name>System.Void Assignment5.Tests.IngredientTests::SerializeAndDeserilalizeTest()</Name>
              <FileRef uid="1" />
              <SequencePoints>
                <SequencePoint vc="1" uspid="20" ordinal="0" offset="0" sl="50" sc="9" el="50" ec="10" bec="0" bev="0" fileid="1">
                  <TrackedMethodRefs>
                    <TrackedMethodRef uid="4" vc="1" />
                  </TrackedMethodRefs>
                </SequencePoint>
                <SequencePoint vc="1" uspid="21" ordinal="1" offset="1" sl="51" sc="13" el="51" ec="57" bec="0" bev="0" fileid="1">
                  <TrackedMethodRefs>
                    <TrackedMethodRef uid="4" vc="1" />
                  </TrackedMethodRefs>
                </SequencePoint>
                <SequencePoint vc="1" uspid="22" ordinal="2" offset="7" sl="53" sc="20" el="53" ec="71" bec="0" bev="0" fileid="1">
                  <TrackedMethodRefs>
                    <TrackedMethodRef uid="4" vc="1" />
                  </TrackedMethodRefs>
                </SequencePoint>
                <SequencePoint vc="1" uspid="23" ordinal="3" offset="14" sl="54" sc="13" el="54" ec="14" bec="0" bev="0" fileid="1">
                  <TrackedMethodRefs>
                    <TrackedMethodRef uid="4" vc="1" />
                  </TrackedMethodRefs>
                </SequencePoint>
                <SequencePoint vc="1" uspid="24" ordinal="4" offset="15" sl="55" sc="17" el="55" ec="50" bec="0" bev="0" fileid="1">
                  <TrackedMethodRefs>
                    <TrackedMethodRef uid="4" vc="1" />
                  </TrackedMethodRefs>
                </SequencePoint>
                <SequencePoint vc="1" uspid="25" ordinal="5" offset="27" sl="56" sc="13" el="56" ec="14" bec="0" bev="0" fileid="1">
                  <TrackedMethodRefs>
                    <TrackedMethodRef uid="4" vc="1" />
                  </TrackedMethodRefs>
                </SequencePoint>
                <SequencePoint vc="1" uspid="26" ordinal="6" offset="41" sl="57" sc="20" el="57" ec="71" bec="0" bev="0" fileid="1">
                  <TrackedMethodRefs>
                    <TrackedMethodRef uid="4" vc="1" />
                  </TrackedMethodRefs>
                </SequencePoint>
                <SequencePoint vc="1" uspid="27" ordinal="7" offset="48" sl="58" sc="13" el="58" ec="14" bec="0" bev="0" fileid="1">
                  <TrackedMethodRefs>
                    <TrackedMethodRef uid="4" vc="1" />
                  </TrackedMethodRefs>
                </SequencePoint>
                <SequencePoint vc="1" uspid="28" ordinal="8" offset="49" sl="59" sc="17" el="59" ec="66" bec="0" bev="0" fileid="1">
                  <TrackedMethodRefs>
                    <TrackedMethodRef uid="4" vc="1" />
                  </TrackedMethodRefs>
                </SequencePoint>
                <SequencePoint vc="1" uspid="29" ordinal="9" offset="56" sl="60" sc="13" el="60" ec="14" bec="0" bev="0" fileid="1">
                  <TrackedMethodRefs>
                    <TrackedMethodRef uid="4" vc="1" />
                  </TrackedMethodRefs>
                </SequencePoint>
                <SequencePoint vc="1" uspid="30" ordinal="10" offset="70" sl="61" sc="13" el="61" ec="57" bec="0" bev="0" fileid="1">
                  <TrackedMethodRefs>
                    <TrackedMethodRef uid="4" vc="1" />
                  </TrackedMethodRefs>
                </SequencePoint>
                <SequencePoint vc="1" uspid="31" ordinal="11" offset="87" sl="62" sc="13" el="62" ec="71" bec="0" bev="0" fileid="1">
                  <TrackedMethodRefs>
                    <TrackedMethodRef uid="4" vc="1" />
                  </TrackedMethodRefs>
                </SequencePoint>
                <SequencePoint vc="1" uspid="32" ordinal="12" offset="104" sl="63" sc="13" el="63" ec="65" bec="0" bev="0" fileid="1">
                  <TrackedMethodRefs>
                    <TrackedMethodRef uid="4" vc="1" />
                  </TrackedMethodRefs>
                </SequencePoint>
                <SequencePoint vc="1" uspid="33" ordinal="13" offset="121" sl="64" sc="13" el="64" ec="57" bec="0" bev="0" fileid="1">
                  <TrackedMethodRefs>
                    <TrackedMethodRef uid="4" vc="1" />
                  </TrackedMethodRefs>
                </SequencePoint>
                <SequencePoint vc="1" uspid="34" ordinal="14" offset="138" sl="65" sc="9" el="65" ec="10" bec="0" bev="0" fileid="1">
                  <TrackedMethodRefs>
                    <TrackedMethodRef uid="4" vc="1" />
                  </TrackedMethodRefs>
                </SequencePoint>
              </SequencePoints>
              <BranchPoints />
              <MethodPoint xsi:type="SequencePoint" vc="1" uspid="20" ordinal="0" offset="0" sl="50" sc="9" el="50" ec="10" bec="0" bev="0" fileid="1">
                <TrackedMethodRefs>
                  <TrackedMethodRef uid="4" vc="1" />
                </TrackedMethodRefs>
              </MethodPoint>
            </Method>
            <Method visited="false" cyclomaticComplexity="1" nPathComplexity="0" sequenceCoverage="0" branchCoverage="0" crapScore="2" isConstructor="true" isStatic="false" isGetter="false" isSetter="false">
              <Summary numSequencePoints="0" visitedSequencePoints="0" numBranchPoints="0" visitedBranchPoints="0" sequenceCoverage="0" branchCoverage="0" maxCyclomaticComplexity="1" minCyclomaticComplexity="1" maxCrapScore="2" minCrapScore="2" visitedClasses="0" numClasses="0" visitedMethods="0" numMethods="0" />
              <MetadataToken>100663301</MetadataToken>
              <Name>System.Void Assignment5.Tests.IngredientTests::.ctor()</Name>
              <SequencePoints />
              <BranchPoints />
              <MethodPoint vc="0" uspid="35" ordinal="0" offset="0" />
            </Method>
            <Method visited="true" cyclomaticComplexity="1" nPathComplexity="0" sequenceCoverage="100" branchCoverage="100" crapScore="1" isConstructor="true" isStatic="true" isGetter="false" isSetter="false">
              <Summary numSequencePoints="5" visitedSequencePoints="5" numBranchPoints="1" visitedBranchPoints="1" sequenceCoverage="100" branchCoverage="100" maxCyclomaticComplexity="1" minCyclomaticComplexity="1" maxCrapScore="1" minCrapScore="1" visitedClasses="0" numClasses="0" visitedMethods="1" numMethods="1" />
              <MetadataToken>100663302</MetadataToken>
              <Name>System.Void Assignment5.Tests.IngredientTests::.cctor()</Name>
              <FileRef uid="1" />
              <SequencePoints>
                <SequencePoint vc="1" uspid="36" ordinal="0" offset="0" sl="15" sc="9" el="15" ec="41" bec="0" bev="0" fileid="1" />
                <SequencePoint vc="1" uspid="37" ordinal="1" offset="10" sl="16" sc="9" el="16" ec="55" bec="0" bev="0" fileid="1" />
                <SequencePoint vc="1" uspid="38" ordinal="2" offset="20" sl="17" sc="9" el="17" ec="36" bec="0" bev="0" fileid="1" />
                <SequencePoint vc="1" uspid="39" ordinal="3" offset="34" sl="18" sc="9" el="18" ec="41" bec="0" bev="0" fileid="1" />
                <SequencePoint vc="1" uspid="40" ordinal="4" offset="44" sl="19" sc="9" el="19" ec="94" bec="0" bev="0" fileid="1" />
              </SequencePoints>
              <BranchPoints />
              <MethodPoint xsi:type="SequencePoint" vc="1" uspid="36" ordinal="0" offset="0" sl="15" sc="9" el="15" ec="41" bec="0" bev="0" fileid="1" />
            </Method>
          </Methods>
        </Class>
        <Class>
          <Summary numSequencePoints="45" visitedSequencePoints="25" numBranchPoints="2" visitedBranchPoints="2" sequenceCoverage="55.56" branchCoverage="100" maxCyclomaticComplexity="4" minCyclomaticComplexity="1" maxCrapScore="9.25" minCrapScore="2" visitedClasses="1" numClasses="1" visitedMethods="2" numMethods="2" />
          <FullName>Assignment5.Tests.ProgramTests</FullName>
          <Methods>
            <Method visited="true" cyclomaticComplexity="3" nPathComplexity="0" sequenceCoverage="100" branchCoverage="100" crapScore="3" isConstructor="false" isStatic="false" isGetter="false" isSetter="false">
              <Summary numSequencePoints="16" visitedSequencePoints="16" numBranchPoints="1" visitedBranchPoints="1" sequenceCoverage="100" branchCoverage="100" maxCyclomaticComplexity="3" minCyclomaticComplexity="3" maxCrapScore="3" minCrapScore="3" visitedClasses="0" numClasses="0" visitedMethods="1" numMethods="1" />
              <MetadataToken>100663303</MetadataToken>
              <Name>System.Void Assignment5.Tests.ProgramTests::MessageShowTest()</Name>
              <FileRef uid="2" />
              <SequencePoints>
                <SequencePoint vc="1" uspid="41" ordinal="0" offset="0" sl="17" sc="9" el="17" ec="10" bec="0" bev="0" fileid="2">
                  <TrackedMethodRefs>
                    <TrackedMethodRef uid="5" vc="1" />
                  </TrackedMethodRefs>
                </SequencePoint>
                <SequencePoint vc="1" uspid="42" ordinal="1" offset="1" sl="18" sc="13" el="18" ec="49" bec="0" bev="0" fileid="2">
                  <TrackedMethodRefs>
                    <TrackedMethodRef uid="5" vc="1" />
                  </TrackedMethodRefs>
                </SequencePoint>
                <SequencePoint vc="1" uspid="43" ordinal="2" offset="7" sl="19" sc="13" el="19" ec="45" bec="0" bev="0" fileid="2">
                  <TrackedMethodRefs>
                    <TrackedMethodRef uid="5" vc="1" />
                  </TrackedMethodRefs>
                </SequencePoint>
                <SequencePoint vc="1" uspid="44" ordinal="3" offset="13" sl="20" sc="20" el="20" ec="68" bec="0" bev="0" fileid="2">
                  <TrackedMethodRefs>
                    <TrackedMethodRef uid="5" vc="1" />
                  </TrackedMethodRefs>
                </SequencePoint>
                <SequencePoint vc="1" uspid="45" ordinal="4" offset="20" sl="21" sc="13" el="21" ec="14" bec="0" bev="0" fileid="2">
                  <TrackedMethodRefs>
                    <TrackedMethodRef uid="5" vc="1" />
                  </TrackedMethodRefs>
                </SequencePoint>
                <SequencePoint vc="1" uspid="46" ordinal="5" offset="21" sl="22" sc="17" el="22" ec="40" bec="0" bev="0" fileid="2">
                  <TrackedMethodRefs>
                    <TrackedMethodRef uid="5" vc="1" />
                  </TrackedMethodRefs>
                </SequencePoint>
                <SequencePoint vc="1" uspid="47" ordinal="6" offset="28" sl="23" sc="17" el="23" ec="50" bec="0" bev="0" fileid="2">
                  <TrackedMethodRefs>
                    <TrackedMethodRef uid="5" vc="1" />
                  </TrackedMethodRefs>
                </SequencePoint>
                <SequencePoint vc="1" uspid="48" ordinal="7" offset="35" sl="24" sc="17" el="24" ec="45" bec="0" bev="0" fileid="2">
                  <TrackedMethodRefs>
                    <TrackedMethodRef uid="5" vc="1" />
                  </TrackedMethodRefs>
                </SequencePoint>
                <SequencePoint vc="1" uspid="49" ordinal="8" offset="46" sl="25" sc="13" el="25" ec="14" bec="0" bev="0" fileid="2">
                  <TrackedMethodRefs>
                    <TrackedMethodRef uid="5" vc="1" />
                  </TrackedMethodRefs>
                </SequencePoint>
                <SequencePoint vc="1" uspid="50" ordinal="9" offset="60" sl="26" sc="20" el="26" ec="68" bec="0" bev="0" fileid="2">
                  <TrackedMethodRefs>
                    <TrackedMethodRef uid="5" vc="1" />
                  </TrackedMethodRefs>
                </SequencePoint>
                <SequencePoint vc="1" uspid="51" ordinal="10" offset="67" sl="27" sc="13" el="27" ec="14" bec="0" bev="0" fileid="2">
                  <TrackedMethodRefs>
                    <TrackedMethodRef uid="5" vc="1" />
                  </TrackedMethodRefs>
                </SequencePoint>
                <SequencePoint vc="1" uspid="52" ordinal="11" offset="68" sl="28" sc="17" el="28" ec="39" bec="0" bev="0" fileid="2">
                  <TrackedMethodRefs>
                    <TrackedMethodRef uid="5" vc="1" />
                  </TrackedMethodRefs>
                </SequencePoint>
                <SequencePoint vc="1" uspid="53" ordinal="12" offset="75" sl="29" sc="17" el="29" ec="66" bec="0" bev="0" fileid="2">
                  <TrackedMethodRefs>
                    <TrackedMethodRef uid="5" vc="1" />
                  </TrackedMethodRefs>
                </SequencePoint>
                <SequencePoint vc="1" uspid="54" ordinal="13" offset="87" sl="30" sc="17" el="30" ec="43" bec="0" bev="0" fileid="2">
                  <TrackedMethodRefs>
                    <TrackedMethodRef uid="5" vc="1" />
                  </TrackedMethodRefs>
                </SequencePoint>
                <SequencePoint vc="1" uspid="55" ordinal="14" offset="98" sl="31" sc="13" el="31" ec="14" bec="0" bev="0" fileid="2">
                  <TrackedMethodRefs>
                    <TrackedMethodRef uid="5" vc="1" />
                  </TrackedMethodRefs>
                </SequencePoint>
                <SequencePoint vc="1" uspid="56" ordinal="15" offset="112" sl="32" sc="9" el="32" ec="10" bec="0" bev="0" fileid="2">
                  <TrackedMethodRefs>
                    <TrackedMethodRef uid="5" vc="1" />
                  </TrackedMethodRefs>
                </SequencePoint>
              </SequencePoints>
              <BranchPoints />
              <MethodPoint xsi:type="SequencePoint" vc="1" uspid="41" ordinal="0" offset="0" sl="17" sc="9" el="17" ec="10" bec="0" bev="0" fileid="2">
                <TrackedMethodRefs>
                  <TrackedMethodRef uid="5" vc="1" />
                </TrackedMethodRefs>
              </MethodPoint>
            </Method>
            <Method visited="true" cyclomaticComplexity="4" nPathComplexity="0" sequenceCoverage="31.03" branchCoverage="100" crapScore="9.25" isConstructor="false" isStatic="false" isGetter="false" isSetter="false">
              <Summary numSequencePoints="29" visitedSequencePoints="9" numBranchPoints="1" visitedBranchPoints="1" sequenceCoverage="31.03" branchCoverage="100" maxCyclomaticComplexity="4" minCyclomaticComplexity="4" maxCrapScore="9.25" minCrapScore="9.25" visitedClasses="0" numClasses="0" visitedMethods="1" numMethods="1" />
              <MetadataToken>100663304</MetadataToken>
              <Name>System.Void Assignment5.Tests.ProgramTests::TryReadIngredientsCountTest()</Name>
              <FileRef uid="2" />
              <SequencePoints>
                <SequencePoint vc="1" uspid="57" ordinal="0" offset="0" sl="36" sc="9" el="36" ec="10" bec="0" bev="0" fileid="2">
                  <TrackedMethodRefs>
                    <TrackedMethodRef uid="6" vc="1" />
                  </TrackedMethodRefs>
                </SequencePoint>
                <SequencePoint vc="1" uspid="58" ordinal="1" offset="1" sl="37" sc="13" el="37" ec="34" bec="0" bev="0" fileid="2">
                  <TrackedMethodRefs>
                    <TrackedMethodRef uid="6" vc="1" />
                  </TrackedMethodRefs>
                </SequencePoint>
                <SequencePoint vc="1" uspid="59" ordinal="2" offset="3" sl="38" sc="13" el="38" ec="40" bec="0" bev="0" fileid="2">
                  <TrackedMethodRefs>
                    <TrackedMethodRef uid="6" vc="1" />
                  </TrackedMethodRefs>
                </SequencePoint>
                <SequencePoint vc="1" uspid="60" ordinal="3" offset="9" sl="39" sc="13" el="39" ec="41" bec="0" bev="0" fileid="2">
                  <TrackedMethodRefs>
                    <TrackedMethodRef uid="6" vc="1" />
                  </TrackedMethodRefs>
                </SequencePoint>
                <SequencePoint vc="1" uspid="61" ordinal="4" offset="15" sl="40" sc="13" el="40" ec="45" bec="0" bev="0" fileid="2">
                  <TrackedMethodRefs>
                    <TrackedMethodRef uid="6" vc="1" />
                  </TrackedMethodRefs>
                </SequencePoint>
                <SequencePoint vc="1" uspid="62" ordinal="5" offset="21" sl="41" sc="19" el="41" ec="72" bec="0" bev="0" fileid="2">
                  <TrackedMethodRefs>
                    <TrackedMethodRef uid="6" vc="1" />
                  </TrackedMethodRefs>
                </SequencePoint>
                <SequencePoint vc="1" uspid="63" ordinal="6" offset="29" sl="42" sc="13" el="42" ec="14" bec="0" bev="0" fileid="2">
                  <TrackedMethodRefs>
                    <TrackedMethodRef uid="6" vc="1" />
                  </TrackedMethodRefs>
                </SequencePoint>
                <SequencePoint vc="1" uspid="64" ordinal="7" offset="30" sl="43" sc="17" el="43" ec="39" bec="0" bev="0" fileid="2">
                  <TrackedMethodRefs>
                    <TrackedMethodRef uid="6" vc="1" />
                  </TrackedMethodRefs>
                </SequencePoint>
                <SequencePoint vc="1" uspid="65" ordinal="8" offset="38" sl="44" sc="17" el="44" ec="73" bec="0" bev="0" fileid="2">
                  <TrackedMethodRefs>
                    <TrackedMethodRef uid="6" vc="1" />
                  </TrackedMethodRefs>
                </SequencePoint>
                <SequencePoint vc="0" uspid="66" ordinal="9" offset="47" sl="45" sc="17" el="45" ec="73" bec="0" bev="0" fileid="2" />
                <SequencePoint vc="0" uspid="67" ordinal="10" offset="60" sl="46" sc="17" el="46" ec="43" bec="0" bev="0" fileid="2" />
                <SequencePoint vc="0" uspid="68" ordinal="11" offset="71" sl="47" sc="13" el="47" ec="14" bec="0" bev="0" fileid="2" />
                <SequencePoint vc="0" uspid="69" ordinal="12" offset="87" sl="48" sc="13" el="48" ec="30" bec="0" bev="0" fileid="2" />
                <SequencePoint vc="0" uspid="70" ordinal="13" offset="89" sl="49" sc="20" el="49" ec="73" bec="0" bev="0" fileid="2" />
                <SequencePoint vc="0" uspid="71" ordinal="14" offset="97" sl="50" sc="13" el="50" ec="14" bec="0" bev="0" fileid="2" />
                <SequencePoint vc="0" uspid="72" ordinal="15" offset="98" sl="51" sc="17" el="51" ec="39" bec="0" bev="0" fileid="2" />
                <SequencePoint vc="0" uspid="73" ordinal="16" offset="106" sl="52" sc="17" el="52" ec="73" bec="0" bev="0" fileid="2" />
                <SequencePoint vc="0" uspid="74" ordinal="17" offset="115" sl="53" sc="17" el="53" ec="73" bec="0" bev="0" fileid="2" />
                <SequencePoint vc="0" uspid="75" ordinal="18" offset="128" sl="54" sc="17" el="54" ec="43" bec="0" bev="0" fileid="2" />
                <SequencePoint vc="0" uspid="76" ordinal="19" offset="139" sl="55" sc="13" el="55" ec="14" bec="0" bev="0" fileid="2" />
                <SequencePoint vc="0" uspid="77" ordinal="20" offset="155" sl="56" sc="13" el="56" ec="30" bec="0" bev="0" fileid="2" />
                <SequencePoint vc="0" uspid="78" ordinal="21" offset="157" sl="57" sc="20" el="57" ec="73" bec="0" bev="0" fileid="2" />
                <SequencePoint vc="0" uspid="79" ordinal="22" offset="165" sl="58" sc="13" el="58" ec="14" bec="0" bev="0" fileid="2" />
                <SequencePoint vc="0" uspid="80" ordinal="23" offset="166" sl="59" sc="17" el="59" ec="39" bec="0" bev="0" fileid="2" />
                <SequencePoint vc="0" uspid="81" ordinal="24" offset="174" sl="60" sc="17" el="60" ec="73" bec="0" bev="0" fileid="2" />
                <SequencePoint vc="0" uspid="82" ordinal="25" offset="183" sl="61" sc="17" el="61" ec="50" bec="0" bev="0" fileid="2" />
                <SequencePoint vc="0" uspid="83" ordinal="26" offset="191" sl="62" sc="17" el="62" ec="43" bec="0" bev="0" fileid="2" />
                <SequencePoint vc="0" uspid="84" ordinal="27" offset="202" sl="63" sc="13" el="63" ec="14" bec="0" bev="0" fileid="2" />
                <SequencePoint vc="0" uspid="85" ordinal="28" offset="218" sl="64" sc="9" el="64" ec="10" bec="0" bev="0" fileid="2" />
              </SequencePoints>
              <BranchPoints />
              <MethodPoint xsi:type="SequencePoint" vc="1" uspid="57" ordinal="0" offset="0" sl="36" sc="9" el="36" ec="10" bec="0" bev="0" fileid="2">
                <TrackedMethodRefs>
                  <TrackedMethodRef uid="6" vc="1" />
                </TrackedMethodRefs>
              </MethodPoint>
            </Method>
            <Method visited="false" cyclomaticComplexity="1" nPathComplexity="0" sequenceCoverage="0" branchCoverage="0" crapScore="2" isConstructor="true" isStatic="false" isGetter="false" isSetter="false">
              <Summary numSequencePoints="0" visitedSequencePoints="0" numBranchPoints="0" visitedBranchPoints="0" sequenceCoverage="0" branchCoverage="0" maxCyclomaticComplexity="1" minCyclomaticComplexity="1" maxCrapScore="2" minCrapScore="2" visitedClasses="0" numClasses="0" visitedMethods="0" numMethods="0" />
              <MetadataToken>100663305</MetadataToken>
              <Name>System.Void Assignment5.Tests.ProgramTests::.ctor()</Name>
              <SequencePoints />
              <BranchPoints />
              <MethodPoint vc="0" uspid="86" ordinal="0" offset="0" />
            </Method>
          </Methods>
        </Class>
        <Class>
          <Summary numSequencePoints="126" visitedSequencePoints="126" numBranchPoints="31" visitedBranchPoints="31" sequenceCoverage="100" branchCoverage="100" maxCyclomaticComplexity="8" minCyclomaticComplexity="1" maxCrapScore="8" minCrapScore="1" visitedClasses="1" numClasses="1" visitedMethods="11" numMethods="11" />
          <FullName>Assignment5.Tests.RecipeBookTests</FullName>
          <Methods>
            <Method visited="true" cyclomaticComplexity="1" nPathComplexity="0" sequenceCoverage="100" branchCoverage="100" crapScore="1" isConstructor="false" isStatic="false" isGetter="false" isSetter="false">
              <Summary numSequencePoints="8" visitedSequencePoints="8" numBranchPoints="1" visitedBranchPoints="1" sequenceCoverage="100" branchCoverage="100" maxCyclomaticComplexity="1" minCyclomaticComplexity="1" maxCrapScore="1" minCrapScore="1" visitedClasses="0" numClasses="0" visitedMethods="1" numMethods="1" />
              <MetadataToken>100663306</MetadataToken>
              <Name>System.Void Assignment5.Tests.RecipeBookTests::RecipeBookTest()</Name>
              <FileRef uid="3" />
              <SequencePoints>
                <SequencePoint vc="1" uspid="87" ordinal="0" offset="0" sl="36" sc="9" el="36" ec="10" bec="0" bev="0" fileid="3">
                  <TrackedMethodRefs>
                    <TrackedMethodRef uid="7" vc="1" />
                  </TrackedMethodRefs>
                </SequencePoint>
                <SequencePoint vc="1" uspid="88" ordinal="1" offset="1" sl="37" sc="13" el="37" ec="62" bec="0" bev="0" fileid="3">
                  <TrackedMethodRefs>
                    <TrackedMethodRef uid="7" vc="1" />
                  </TrackedMethodRefs>
                </SequencePoint>
                <SequencePoint vc="1" uspid="89" ordinal="2" offset="22" sl="38" sc="13" el="38" ec="64" bec="0" bev="0" fileid="3">
                  <TrackedMethodRefs>
                    <TrackedMethodRef uid="7" vc="1" />
                  </TrackedMethodRefs>
                </SequencePoint>
                <SequencePoint vc="1" uspid="90" ordinal="3" offset="43" sl="39" sc="13" el="39" ec="42" bec="0" bev="0" fileid="3">
                  <TrackedMethodRefs>
                    <TrackedMethodRef uid="7" vc="1" />
                  </TrackedMethodRefs>
                </SequencePoint>
                <SequencePoint vc="1" uspid="91" ordinal="4" offset="55" sl="40" sc="13" el="40" ec="57" bec="0" bev="0" fileid="3">
                  <TrackedMethodRefs>
                    <TrackedMethodRef uid="7" vc="1" />
                  </TrackedMethodRefs>
                </SequencePoint>
                <SequencePoint vc="1" uspid="92" ordinal="5" offset="72" sl="41" sc="13" el="41" ec="41" bec="0" bev="0" fileid="3">
                  <TrackedMethodRefs>
                    <TrackedMethodRef uid="7" vc="1" />
                  </TrackedMethodRefs>
                </SequencePoint>
                <SequencePoint vc="1" uspid="93" ordinal="6" offset="84" sl="42" sc="13" el="42" ec="57" bec="0" bev="0" fileid="3">
                  <TrackedMethodRefs>
                    <TrackedMethodRef uid="7" vc="1" />
                  </TrackedMethodRefs>
                </SequencePoint>
                <SequencePoint vc="1" uspid="94" ordinal="7" offset="101" sl="43" sc="9" el="43" ec="10" bec="0" bev="0" fileid="3">
                  <TrackedMethodRefs>
                    <TrackedMethodRef uid="7" vc="1" />
                  </TrackedMethodRefs>
                </SequencePoint>
              </SequencePoints>
              <BranchPoints />
              <MethodPoint xsi:type="SequencePoint" vc="1" uspid="87" ordinal="0" offset="0" sl="36" sc="9" el="36" ec="10" bec="0" bev="0" fileid="3">
                <TrackedMethodRefs>
                  <TrackedMethodRef uid="7" vc="1" />
                </TrackedMethodRefs>
              </MethodPoint>
            </Method>
            <Method visited="true" cyclomaticComplexity="2" nPathComplexity="2" sequenceCoverage="100" branchCoverage="100" crapScore="2" isConstructor="false" isStatic="false" isGetter="false" isSetter="false">
              <Summary numSequencePoints="6" visitedSequencePoints="6" numBranchPoints="3" visitedBranchPoints="3" sequenceCoverage="100" branchCoverage="100" maxCyclomaticComplexity="2" minCyclomaticComplexity="2" maxCrapScore="2" minCrapScore="2" visitedClasses="0" numClasses="0" visitedMethods="1" numMethods="1" />
              <MetadataToken>100663307</MetadataToken>
              <Name>System.Void Assignment5.Tests.RecipeBookTests::AddTest()</Name>
              <FileRef uid="3" />
              <SequencePoints>
                <SequencePoint vc="1" uspid="95" ordinal="0" offset="0" sl="47" sc="9" el="47" ec="10" bec="0" bev="0" fileid="3">
                  <TrackedMethodRefs>
                    <TrackedMethodRef uid="8" vc="1" />
                  </TrackedMethodRefs>
                </SequencePoint>
                <SequencePoint vc="1" uspid="96" ordinal="1" offset="1" sl="48" sc="18" el="48" ec="27" bec="0" bev="0" fileid="3">
                  <TrackedMethodRefs>
                    <TrackedMethodRef uid="8" vc="1" />
                  </TrackedMethodRefs>
                </SequencePoint>
                <SequencePoint vc="2" uspid="97" ordinal="2" offset="5" sl="49" sc="17" el="49" ec="63" bec="0" bev="0" fileid="3">
                  <TrackedMethodRefs>
                    <TrackedMethodRef uid="8" vc="2" />
                  </TrackedMethodRefs>
                </SequencePoint>
                <SequencePoint vc="2" uspid="98" ordinal="3" offset="26" sl="48" sc="43" el="48" ec="46" bec="0" bev="0" fileid="3">
                  <TrackedMethodRefs>
                    <TrackedMethodRef uid="8" vc="2" />
                  </TrackedMethodRefs>
                </SequencePoint>
                <SequencePoint vc="3" uspid="99" ordinal="4" offset="30" sl="48" sc="29" el="48" ec="41" bec="2" bev="2" fileid="3">
                  <TrackedMethodRefs>
                    <TrackedMethodRef uid="8" vc="3" />
                  </TrackedMethodRefs>
                </SequencePoint>
                <SequencePoint vc="1" uspid="100" ordinal="5" offset="42" sl="50" sc="9" el="50" ec="10" bec="0" bev="0" fileid="3">
                  <TrackedMethodRefs>
                    <TrackedMethodRef uid="8" vc="1" />
                  </TrackedMethodRefs>
                </SequencePoint>
              </SequencePoints>
              <BranchPoints>
                <BranchPoint vc="1" uspid="101" ordinal="0" offset="40" sl="48" path="0" offsetend="42" fileid="3">
                  <TrackedMethodRefs>
                    <TrackedMethodRef uid="8" vc="1" />
                  </TrackedMethodRefs>
                </BranchPoint>
                <BranchPoint vc="2" uspid="102" ordinal="1" offset="40" sl="48" path="1" offsetend="5" fileid="3">
                  <TrackedMethodRefs>
                    <TrackedMethodRef uid="8" vc="2" />
                  </TrackedMethodRefs>
                </BranchPoint>
              </BranchPoints>
              <MethodPoint xsi:type="SequencePoint" vc="1" uspid="95" ordinal="0" offset="0" sl="47" sc="9" el="47" ec="10" bec="0" bev="0" fileid="3">
                <TrackedMethodRefs>
                  <TrackedMethodRef uid="8" vc="1" />
                </TrackedMethodRefs>
              </MethodPoint>
            </Method>
            <Method visited="true" cyclomaticComplexity="2" nPathComplexity="2" sequenceCoverage="100" branchCoverage="100" crapScore="2" isConstructor="false" isStatic="false" isGetter="false" isSetter="false">
              <Summary numSequencePoints="8" visitedSequencePoints="8" numBranchPoints="3" visitedBranchPoints="3" sequenceCoverage="100" branchCoverage="100" maxCyclomaticComplexity="2" minCyclomaticComplexity="2" maxCrapScore="2" minCrapScore="2" visitedClasses="0" numClasses="0" visitedMethods="1" numMethods="1" />
              <MetadataToken>100663308</MetadataToken>
              <Name>System.Void Assignment5.Tests.RecipeBookTests::RemoveTest()</Name>
              <FileRef uid="3" />
              <SequencePoints>
                <SequencePoint vc="1" uspid="103" ordinal="0" offset="0" sl="54" sc="9" el="54" ec="10" bec="0" bev="0" fileid="3">
                  <TrackedMethodRefs>
                    <TrackedMethodRef uid="9" vc="1" />
                  </TrackedMethodRefs>
                </SequencePoint>
                <SequencePoint vc="1" uspid="104" ordinal="1" offset="1" sl="55" sc="13" el="55" ec="44" bec="0" bev="0" fileid="3">
                  <TrackedMethodRefs>
                    <TrackedMethodRef uid="9" vc="1" />
                  </TrackedMethodRefs>
                </SequencePoint>
                <SequencePoint vc="1" uspid="105" ordinal="2" offset="17" sl="56" sc="18" el="56" ec="27" bec="0" bev="0" fileid="3">
                  <TrackedMethodRefs>
                    <TrackedMethodRef uid="9" vc="1" />
                  </TrackedMethodRefs>
                </SequencePoint>
                <SequencePoint vc="2" uspid="106" ordinal="3" offset="21" sl="57" sc="17" el="57" ec="72" bec="0" bev="0" fileid="3">
                  <TrackedMethodRefs>
                    <TrackedMethodRef uid="9" vc="2" />
                  </TrackedMethodRefs>
                </SequencePoint>
                <SequencePoint vc="2" uspid="107" ordinal="4" offset="47" sl="56" sc="43" el="56" ec="46" bec="0" bev="0" fileid="3">
                  <TrackedMethodRefs>
                    <TrackedMethodRef uid="9" vc="2" />
                  </TrackedMethodRefs>
                </SequencePoint>
                <SequencePoint vc="3" uspid="108" ordinal="5" offset="51" sl="56" sc="29" el="56" ec="41" bec="2" bev="2" fileid="3">
                  <TrackedMethodRefs>
                    <TrackedMethodRef uid="9" vc="3" />
                  </TrackedMethodRefs>
                </SequencePoint>
                <SequencePoint vc="1" uspid="109" ordinal="6" offset="63" sl="58" sc="13" el="58" ec="68" bec="0" bev="0" fileid="3">
                  <TrackedMethodRefs>
                    <TrackedMethodRef uid="9" vc="1" />
                  </TrackedMethodRefs>
                </SequencePoint>
                <SequencePoint vc="1" uspid="110" ordinal="7" offset="84" sl="59" sc="9" el="59" ec="10" bec="0" bev="0" fileid="3">
                  <TrackedMethodRefs>
                    <TrackedMethodRef uid="9" vc="1" />
                  </TrackedMethodRefs>
                </SequencePoint>
              </SequencePoints>
              <BranchPoints>
                <BranchPoint vc="1" uspid="111" ordinal="0" offset="61" sl="56" path="0" offsetend="63" fileid="3">
                  <TrackedMethodRefs>
                    <TrackedMethodRef uid="9" vc="1" />
                  </TrackedMethodRefs>
                </BranchPoint>
                <BranchPoint vc="2" uspid="112" ordinal="1" offset="61" sl="56" path="1" offsetend="21" fileid="3">
                  <TrackedMethodRefs>
                    <TrackedMethodRef uid="9" vc="2" />
                  </TrackedMethodRefs>
                </BranchPoint>
              </BranchPoints>
              <MethodPoint xsi:type="SequencePoint" vc="1" uspid="103" ordinal="0" offset="0" sl="54" sc="9" el="54" ec="10" bec="0" bev="0" fileid="3">
                <TrackedMethodRefs>
                  <TrackedMethodRef uid="9" vc="1" />
                </TrackedMethodRefs>
              </MethodPoint>
            </Method>
            <Method visited="true" cyclomaticComplexity="2" nPathComplexity="2" sequenceCoverage="100" branchCoverage="100" crapScore="2" isConstructor="false" isStatic="false" isGetter="false" isSetter="false">
              <Summary numSequencePoints="7" visitedSequencePoints="7" numBranchPoints="3" visitedBranchPoints="3" sequenceCoverage="100" branchCoverage="100" maxCyclomaticComplexity="2" minCyclomaticComplexity="2" maxCrapScore="2" minCrapScore="2" visitedClasses="0" numClasses="0" visitedMethods="1" numMethods="1" />
              <MetadataToken>100663309</MetadataToken>
              <Name>System.Void Assignment5.Tests.RecipeBookTests::LookupByTitleTest()</Name>
              <FileRef uid="3" />
              <SequencePoints>
                <SequencePoint vc="1" uspid="113" ordinal="0" offset="0" sl="63" sc="9" el="63" ec="10" bec="0" bev="0" fileid="3">
                  <TrackedMethodRefs>
                    <TrackedMethodRef uid="10" vc="1" />
                  </TrackedMethodRefs>
                </SequencePoint>
                <SequencePoint vc="2" uspid="114" ordinal="1" offset="3" sl="65" sc="17" el="65" ec="57" bec="0" bev="0" fileid="3">
                  <TrackedMethodRefs>
                    <TrackedMethodRef uid="10" vc="2" />
                  </TrackedMethodRefs>
                </SequencePoint>
                <SequencePoint vc="3" uspid="115" ordinal="2" offset="24" sl="64" sc="13" el="64" ec="57" bec="2" bev="2" fileid="3">
                  <TrackedMethodRefs>
                    <TrackedMethodRef uid="10" vc="3" />
                  </TrackedMethodRefs>
                </SequencePoint>
                <SequencePoint vc="1" uspid="116" ordinal="3" offset="46" sl="66" sc="13" el="66" ec="44" bec="0" bev="0" fileid="3">
                  <TrackedMethodRefs>
                    <TrackedMethodRef uid="10" vc="1" />
                  </TrackedMethodRefs>
                </SequencePoint>
                <SequencePoint vc="1" uspid="117" ordinal="4" offset="62" sl="67" sc="13" el="67" ec="78" bec="0" bev="0" fileid="3">
                  <TrackedMethodRefs>
                    <TrackedMethodRef uid="10" vc="1" />
                  </TrackedMethodRefs>
                </SequencePoint>
                <SequencePoint vc="1" uspid="118" ordinal="5" offset="88" sl="68" sc="13" el="68" ec="74" bec="0" bev="0" fileid="3">
                  <TrackedMethodRefs>
                    <TrackedMethodRef uid="10" vc="1" />
                  </TrackedMethodRefs>
                </SequencePoint>
                <SequencePoint vc="1" uspid="119" ordinal="6" offset="109" sl="69" sc="9" el="69" ec="10" bec="0" bev="0" fileid="3">
                  <TrackedMethodRefs>
                    <TrackedMethodRef uid="10" vc="1" />
                  </TrackedMethodRefs>
                </SequencePoint>
              </SequencePoints>
              <BranchPoints>
                <BranchPoint vc="1" uspid="120" ordinal="0" offset="44" sl="64" path="0" offsetend="46" fileid="3">
                  <TrackedMethodRefs>
                    <TrackedMethodRef uid="10" vc="1" />
                  </TrackedMethodRefs>
                </BranchPoint>
                <BranchPoint vc="2" uspid="121" ordinal="1" offset="44" sl="64" path="1" offsetend="3" fileid="3">
                  <TrackedMethodRefs>
                    <TrackedMethodRef uid="10" vc="2" />
                  </TrackedMethodRefs>
                </BranchPoint>
              </BranchPoints>
              <MethodPoint xsi:type="SequencePoint" vc="1" uspid="113" ordinal="0" offset="0" sl="63" sc="9" el="63" ec="10" bec="0" bev="0" fileid="3">
                <TrackedMethodRefs>
                  <TrackedMethodRef uid="10" vc="1" />
                </TrackedMethodRefs>
              </MethodPoint>
            </Method>
            <Method visited="true" cyclomaticComplexity="4" nPathComplexity="8" sequenceCoverage="100" branchCoverage="100" crapScore="4" isConstructor="false" isStatic="false" isGetter="false" isSetter="false">
              <Summary numSequencePoints="15" visitedSequencePoints="15" numBranchPoints="7" visitedBranchPoints="7" sequenceCoverage="100" branchCoverage="100" maxCyclomaticComplexity="4" minCyclomaticComplexity="4" maxCrapScore="4" minCrapScore="4" visitedClasses="0" numClasses="0" visitedMethods="1" numMethods="1" />
              <MetadataToken>100663310</MetadataToken>
              <Name>System.Void Assignment5.Tests.RecipeBookTests::LookupByKeywordTest()</Name>
              <FileRef uid="3" />
              <SequencePoints>
                <SequencePoint vc="1" uspid="122" ordinal="0" offset="0" sl="73" sc="9" el="73" ec="10" bec="0" bev="0" fileid="3">
                  <TrackedMethodRefs>
                    <TrackedMethodRef uid="11" vc="1" />
                  </TrackedMethodRefs>
                </SequencePoint>
                <SequencePoint vc="2" uspid="123" ordinal="1" offset="3" sl="75" sc="17" el="75" ec="57" bec="0" bev="0" fileid="3">
                  <TrackedMethodRefs>
                    <TrackedMethodRef uid="11" vc="2" />
                  </TrackedMethodRefs>
                </SequencePoint>
                <SequencePoint vc="3" uspid="124" ordinal="2" offset="24" sl="74" sc="13" el="74" ec="57" bec="2" bev="2" fileid="3">
                  <TrackedMethodRefs>
                    <TrackedMethodRef uid="11" vc="3" />
                  </TrackedMethodRefs>
                </SequencePoint>
                <SequencePoint vc="2" uspid="125" ordinal="3" offset="48" sl="77" sc="17" el="77" ec="48" bec="0" bev="0" fileid="3">
                  <TrackedMethodRefs>
                    <TrackedMethodRef uid="11" vc="2" />
                  </TrackedMethodRefs>
                </SequencePoint>
                <SequencePoint vc="3" uspid="126" ordinal="4" offset="64" sl="76" sc="13" el="76" ec="43" bec="2" bev="2" fileid="3">
                  <TrackedMethodRefs>
                    <TrackedMethodRef uid="11" vc="3" />
                  </TrackedMethodRefs>
                </SequencePoint>
                <SequencePoint vc="1" uspid="127" ordinal="5" offset="81" sl="78" sc="18" el="78" ec="27" bec="0" bev="0" fileid="3">
                  <TrackedMethodRefs>
                    <TrackedMethodRef uid="11" vc="1" />
                  </TrackedMethodRefs>
                </SequencePoint>
                <SequencePoint vc="2" uspid="128" ordinal="6" offset="85" sl="79" sc="13" el="79" ec="14" bec="0" bev="0" fileid="3">
                  <TrackedMethodRefs>
                    <TrackedMethodRef uid="11" vc="2" />
                  </TrackedMethodRefs>
                </SequencePoint>
                <SequencePoint vc="2" uspid="129" ordinal="7" offset="86" sl="80" sc="17" el="80" ec="48" bec="0" bev="0" fileid="3">
                  <TrackedMethodRefs>
                    <TrackedMethodRef uid="11" vc="2" />
                  </TrackedMethodRefs>
                </SequencePoint>
                <SequencePoint vc="2" uspid="130" ordinal="8" offset="102" sl="81" sc="17" el="81" ec="45" bec="0" bev="0" fileid="3">
                  <TrackedMethodRefs>
                    <TrackedMethodRef uid="11" vc="2" />
                  </TrackedMethodRefs>
                </SequencePoint>
                <SequencePoint vc="2" uspid="131" ordinal="9" offset="118" sl="82" sc="13" el="82" ec="14" bec="0" bev="0" fileid="3">
                  <TrackedMethodRefs>
                    <TrackedMethodRef uid="11" vc="2" />
                  </TrackedMethodRefs>
                </SequencePoint>
                <SequencePoint vc="2" uspid="132" ordinal="10" offset="119" sl="78" sc="43" el="78" ec="46" bec="0" bev="0" fileid="3">
                  <TrackedMethodRefs>
                    <TrackedMethodRef uid="11" vc="2" />
                  </TrackedMethodRefs>
                </SequencePoint>
                <SequencePoint vc="3" uspid="133" ordinal="11" offset="123" sl="78" sc="29" el="78" ec="41" bec="2" bev="2" fileid="3">
                  <TrackedMethodRefs>
                    <TrackedMethodRef uid="11" vc="3" />
                  </TrackedMethodRefs>
                </SequencePoint>
                <SequencePoint vc="1" uspid="134" ordinal="12" offset="135" sl="83" sc="13" el="83" ec="118" bec="0" bev="0" fileid="3">
                  <TrackedMethodRefs>
                    <TrackedMethodRef uid="11" vc="1" />
                  </TrackedMethodRefs>
                </SequencePoint>
                <SequencePoint vc="1" uspid="135" ordinal="13" offset="171" sl="84" sc="13" el="84" ec="78" bec="0" bev="0" fileid="3">
                  <TrackedMethodRefs>
                    <TrackedMethodRef uid="11" vc="1" />
                  </TrackedMethodRefs>
                </SequencePoint>
                <SequencePoint vc="1" uspid="136" ordinal="14" offset="192" sl="85" sc="9" el="85" ec="10" bec="0" bev="0" fileid="3">
                  <TrackedMethodRefs>
                    <TrackedMethodRef uid="11" vc="1" />
                  </TrackedMethodRefs>
                </SequencePoint>
              </SequencePoints>
              <BranchPoints>
                <BranchPoint vc="1" uspid="137" ordinal="0" offset="44" sl="74" path="0" offsetchain="46" offsetend="64" fileid="3">
                  <TrackedMethodRefs>
                    <TrackedMethodRef uid="11" vc="1" />
                  </TrackedMethodRefs>
                </BranchPoint>
                <BranchPoint vc="2" uspid="138" ordinal="1" offset="44" sl="74" path="1" offsetend="3" fileid="3">
                  <TrackedMethodRefs>
                    <TrackedMethodRef uid="11" vc="2" />
                  </TrackedMethodRefs>
                </BranchPoint>
                <BranchPoint vc="1" uspid="139" ordinal="2" offset="79" sl="76" path="0" offsetend="81" fileid="3">
                  <TrackedMethodRefs>
                    <TrackedMethodRef uid="11" vc="1" />
                  </TrackedMethodRefs>
                </BranchPoint>
                <BranchPoint vc="2" uspid="140" ordinal="3" offset="79" sl="76" path="1" offsetend="48" fileid="3">
                  <TrackedMethodRefs>
                    <TrackedMethodRef uid="11" vc="2" />
                  </TrackedMethodRefs>
                </BranchPoint>
                <BranchPoint vc="1" uspid="141" ordinal="4" offset="133" sl="78" path="0" offsetend="135" fileid="3">
                  <TrackedMethodRefs>
                    <TrackedMethodRef uid="11" vc="1" />
                  </TrackedMethodRefs>
                </BranchPoint>
                <BranchPoint vc="2" uspid="142" ordinal="5" offset="133" sl="78" path="1" offsetend="85" fileid="3">
                  <TrackedMethodRefs>
                    <TrackedMethodRef uid="11" vc="2" />
                  </TrackedMethodRefs>
                </BranchPoint>
              </BranchPoints>
              <MethodPoint xsi:type="SequencePoint" vc="1" uspid="122" ordinal="0" offset="0" sl="73" sc="9" el="73" ec="10" bec="0" bev="0" fileid="3">
                <TrackedMethodRefs>
                  <TrackedMethodRef uid="11" vc="1" />
                </TrackedMethodRefs>
              </MethodPoint>
            </Method>
            <Method visited="true" cyclomaticComplexity="3" nPathComplexity="4" sequenceCoverage="100" branchCoverage="100" crapScore="3" isConstructor="false" isStatic="false" isGetter="false" isSetter="false">
              <Summary numSequencePoints="13" visitedSequencePoints="13" numBranchPoints="5" visitedBranchPoints="5" sequenceCoverage="100" branchCoverage="100" maxCyclomaticComplexity="3" minCyclomaticComplexity="3" maxCrapScore="3" minCrapScore="3" visitedClasses="0" numClasses="0" visitedMethods="1" numMethods="1" />
              <MetadataToken>100663311</MetadataToken>
              <Name>System.Void Assignment5.Tests.RecipeBookTests::LookupByCuisineTest()</Name>
              <FileRef uid="3" />
              <SequencePoints>
                <SequencePoint vc="1" uspid="143" ordinal="0" offset="0" sl="89" sc="9" el="89" ec="10" bec="0" bev="0" fileid="3">
                  <TrackedMethodRefs>
                    <TrackedMethodRef uid="12" vc="1" />
                  </TrackedMethodRefs>
                </SequencePoint>
                <SequencePoint vc="2" uspid="144" ordinal="1" offset="3" sl="91" sc="17" el="91" ec="57" bec="0" bev="0" fileid="3">
                  <TrackedMethodRefs>
                    <TrackedMethodRef uid="12" vc="2" />
                  </TrackedMethodRefs>
                </SequencePoint>
                <SequencePoint vc="3" uspid="145" ordinal="2" offset="24" sl="90" sc="13" el="90" ec="57" bec="2" bev="2" fileid="3">
                  <TrackedMethodRefs>
                    <TrackedMethodRef uid="12" vc="3" />
                  </TrackedMethodRefs>
                </SequencePoint>
                <SequencePoint vc="1" uspid="146" ordinal="3" offset="46" sl="92" sc="18" el="92" ec="27" bec="0" bev="0" fileid="3">
                  <TrackedMethodRefs>
                    <TrackedMethodRef uid="12" vc="1" />
                  </TrackedMethodRefs>
                </SequencePoint>
                <SequencePoint vc="2" uspid="147" ordinal="4" offset="50" sl="93" sc="13" el="93" ec="14" bec="0" bev="0" fileid="3">
                  <TrackedMethodRefs>
                    <TrackedMethodRef uid="12" vc="2" />
                  </TrackedMethodRefs>
                </SequencePoint>
                <SequencePoint vc="2" uspid="148" ordinal="5" offset="51" sl="94" sc="17" el="94" ec="48" bec="0" bev="0" fileid="3">
                  <TrackedMethodRefs>
                    <TrackedMethodRef uid="12" vc="2" />
                  </TrackedMethodRefs>
                </SequencePoint>
                <SequencePoint vc="2" uspid="149" ordinal="6" offset="67" sl="95" sc="17" el="95" ec="45" bec="0" bev="0" fileid="3">
                  <TrackedMethodRefs>
                    <TrackedMethodRef uid="12" vc="2" />
                  </TrackedMethodRefs>
                </SequencePoint>
                <SequencePoint vc="2" uspid="150" ordinal="7" offset="83" sl="96" sc="13" el="96" ec="14" bec="0" bev="0" fileid="3">
                  <TrackedMethodRefs>
                    <TrackedMethodRef uid="12" vc="2" />
                  </TrackedMethodRefs>
                </SequencePoint>
                <SequencePoint vc="2" uspid="151" ordinal="8" offset="84" sl="92" sc="43" el="92" ec="46" bec="0" bev="0" fileid="3">
                  <TrackedMethodRefs>
                    <TrackedMethodRef uid="12" vc="2" />
                  </TrackedMethodRefs>
                </SequencePoint>
                <SequencePoint vc="3" uspid="152" ordinal="9" offset="88" sl="92" sc="29" el="92" ec="41" bec="2" bev="2" fileid="3">
                  <TrackedMethodRefs>
                    <TrackedMethodRef uid="12" vc="3" />
                  </TrackedMethodRefs>
                </SequencePoint>
                <SequencePoint vc="1" uspid="153" ordinal="10" offset="100" sl="97" sc="13" el="97" ec="71" bec="0" bev="0" fileid="3">
                  <TrackedMethodRefs>
                    <TrackedMethodRef uid="12" vc="1" />
                  </TrackedMethodRefs>
                </SequencePoint>
                <SequencePoint vc="1" uspid="154" ordinal="11" offset="121" sl="98" sc="13" el="98" ec="78" bec="0" bev="0" fileid="3">
                  <TrackedMethodRefs>
                    <TrackedMethodRef uid="12" vc="1" />
                  </TrackedMethodRefs>
                </SequencePoint>
                <SequencePoint vc="1" uspid="155" ordinal="12" offset="142" sl="99" sc="9" el="99" ec="10" bec="0" bev="0" fileid="3">
                  <TrackedMethodRefs>
                    <TrackedMethodRef uid="12" vc="1" />
                  </TrackedMethodRefs>
                </SequencePoint>
              </SequencePoints>
              <BranchPoints>
                <BranchPoint vc="1" uspid="156" ordinal="0" offset="44" sl="90" path="0" offsetend="46" fileid="3">
                  <TrackedMethodRefs>
                    <TrackedMethodRef uid="12" vc="1" />
                  </TrackedMethodRefs>
                </BranchPoint>
                <BranchPoint vc="2" uspid="157" ordinal="1" offset="44" sl="90" path="1" offsetend="3" fileid="3">
                  <TrackedMethodRefs>
                    <TrackedMethodRef uid="12" vc="2" />
                  </TrackedMethodRefs>
                </BranchPoint>
                <BranchPoint vc="1" uspid="158" ordinal="2" offset="98" sl="92" path="0" offsetend="100" fileid="3">
                  <TrackedMethodRefs>
                    <TrackedMethodRef uid="12" vc="1" />
                  </TrackedMethodRefs>
                </BranchPoint>
                <BranchPoint vc="2" uspid="159" ordinal="3" offset="98" sl="92" path="1" offsetend="50" fileid="3">
                  <TrackedMethodRefs>
                    <TrackedMethodRef uid="12" vc="2" />
                  </TrackedMethodRefs>
                </BranchPoint>
              </BranchPoints>
              <MethodPoint xsi:type="SequencePoint" vc="1" uspid="143" ordinal="0" offset="0" sl="89" sc="9" el="89" ec="10" bec="0" bev="0" fileid="3">
                <TrackedMethodRefs>
                  <TrackedMethodRef uid="12" vc="1" />
                </TrackedMethodRefs>
              </MethodPoint>
            </Method>
            <Method visited="true" cyclomaticComplexity="1" nPathComplexity="0" sequenceCoverage="100" branchCoverage="100" crapScore="1" isConstructor="false" isStatic="false" isGetter="false" isSetter="false">
              <Summary numSequencePoints="4" visitedSequencePoints="4" numBranchPoints="1" visitedBranchPoints="1" sequenceCoverage="100" branchCoverage="100" maxCyclomaticComplexity="1" minCyclomaticComplexity="1" maxCrapScore="1" minCrapScore="1" visitedClasses="0" numClasses="0" visitedMethods="1" numMethods="1" />
              <MetadataToken>100663312</MetadataToken>
              <Name>System.Void Assignment5.Tests.RecipeBookTests::SearchResultTest()</Name>
              <FileRef uid="3" />
              <SequencePoints>
                <SequencePoint vc="1" uspid="160" ordinal="0" offset="0" sl="103" sc="9" el="103" ec="10" bec="0" bev="0" fileid="3">
                  <TrackedMethodRefs>
                    <TrackedMethodRef uid="13" vc="1" />
                  </TrackedMethodRefs>
                </SequencePoint>
                <SequencePoint vc="1" uspid="161" ordinal="1" offset="1" sl="105" sc="13" el="109" ec="49" bec="0" bev="0" fileid="3">
                  <TrackedMethodRefs>
                    <TrackedMethodRef uid="13" vc="1" />
                  </TrackedMethodRefs>
                </SequencePoint>
                <SequencePoint vc="1" uspid="162" ordinal="2" offset="113" sl="110" sc="13" el="110" ec="86" bec="0" bev="0" fileid="3">
                  <TrackedMethodRefs>
                    <TrackedMethodRef uid="13" vc="1" />
                  </TrackedMethodRefs>
                </SequencePoint>
                <SequencePoint vc="1" uspid="163" ordinal="3" offset="135" sl="111" sc="9" el="111" ec="10" bec="0" bev="0" fileid="3">
                  <TrackedMethodRefs>
                    <TrackedMethodRef uid="13" vc="1" />
                  </TrackedMethodRefs>
                </SequencePoint>
              </SequencePoints>
              <BranchPoints />
              <MethodPoint xsi:type="SequencePoint" vc="1" uspid="160" ordinal="0" offset="0" sl="103" sc="9" el="103" ec="10" bec="0" bev="0" fileid="3">
                <TrackedMethodRefs>
                  <TrackedMethodRef uid="13" vc="1" />
                </TrackedMethodRefs>
              </MethodPoint>
            </Method>
            <Method visited="true" cyclomaticComplexity="1" nPathComplexity="0" sequenceCoverage="100" branchCoverage="100" crapScore="1" isConstructor="false" isStatic="false" isGetter="false" isSetter="false">
              <Summary numSequencePoints="5" visitedSequencePoints="5" numBranchPoints="1" visitedBranchPoints="1" sequenceCoverage="100" branchCoverage="100" maxCyclomaticComplexity="1" minCyclomaticComplexity="1" maxCrapScore="1" minCrapScore="1" visitedClasses="0" numClasses="0" visitedMethods="1" numMethods="1" />
              <MetadataToken>100663313</MetadataToken>
              <Name>System.Void Assignment5.Tests.RecipeBookTests::SaveTest()</Name>
              <FileRef uid="3" />
              <SequencePoints>
                <SequencePoint vc="1" uspid="164" ordinal="0" offset="0" sl="115" sc="9" el="115" ec="10" bec="0" bev="0" fileid="3">
                  <TrackedMethodRefs>
                    <TrackedMethodRef uid="14" vc="1" />
                  </TrackedMethodRefs>
                </SequencePoint>
                <SequencePoint vc="1" uspid="165" ordinal="1" offset="1" sl="116" sc="13" el="116" ec="53" bec="0" bev="0" fileid="3">
                  <TrackedMethodRefs>
                    <TrackedMethodRef uid="14" vc="1" />
                  </TrackedMethodRefs>
                </SequencePoint>
                <SequencePoint vc="1" uspid="166" ordinal="2" offset="7" sl="117" sc="13" el="117" ec="46" bec="0" bev="0" fileid="3">
                  <TrackedMethodRefs>
                    <TrackedMethodRef uid="14" vc="1" />
                  </TrackedMethodRefs>
                </SequencePoint>
                <SequencePoint vc="1" uspid="167" ordinal="3" offset="19" sl="118" sc="13" el="118" ec="53" bec="0" bev="0" fileid="3">
                  <TrackedMethodRefs>
                    <TrackedMethodRef uid="14" vc="1" />
                  </TrackedMethodRefs>
                </SequencePoint>
                <SequencePoint vc="1" uspid="168" ordinal="4" offset="31" sl="119" sc="9" el="119" ec="10" bec="0" bev="0" fileid="3">
                  <TrackedMethodRefs>
                    <TrackedMethodRef uid="14" vc="1" />
                  </TrackedMethodRefs>
                </SequencePoint>
              </SequencePoints>
              <BranchPoints />
              <MethodPoint xsi:type="SequencePoint" vc="1" uspid="164" ordinal="0" offset="0" sl="115" sc="9" el="115" ec="10" bec="0" bev="0" fileid="3">
                <TrackedMethodRefs>
                  <TrackedMethodRef uid="14" vc="1" />
                </TrackedMethodRefs>
              </MethodPoint>
            </Method>
            <Method visited="true" cyclomaticComplexity="1" nPathComplexity="0" sequenceCoverage="100" branchCoverage="100" crapScore="1" isConstructor="false" isStatic="false" isGetter="false" isSetter="false">
              <Summary numSequencePoints="6" visitedSequencePoints="6" numBranchPoints="1" visitedBranchPoints="1" sequenceCoverage="100" branchCoverage="100" maxCyclomaticComplexity="1" minCyclomaticComplexity="1" maxCrapScore="1" minCrapScore="1" visitedClasses="0" numClasses="0" visitedMethods="1" numMethods="1" />
              <MetadataToken>100663314</MetadataToken>
              <Name>System.Void Assignment5.Tests.RecipeBookTests::LoadTest()</Name>
              <FileRef uid="3" />
              <SequencePoints>
                <SequencePoint vc="1" uspid="169" ordinal="0" offset="0" sl="123" sc="9" el="123" ec="10" bec="0" bev="0" fileid="3">
                  <TrackedMethodRefs>
                    <TrackedMethodRef uid="15" vc="1" />
                  </TrackedMethodRefs>
                </SequencePoint>
                <SequencePoint vc="1" uspid="170" ordinal="1" offset="1" sl="124" sc="13" el="124" ec="53" bec="0" bev="0" fileid="3">
                  <TrackedMethodRefs>
                    <TrackedMethodRef uid="15" vc="1" />
                  </TrackedMethodRefs>
                </SequencePoint>
                <SequencePoint vc="1" uspid="171" ordinal="2" offset="7" sl="125" sc="13" el="125" ec="46" bec="0" bev="0" fileid="3">
                  <TrackedMethodRefs>
                    <TrackedMethodRef uid="15" vc="1" />
                  </TrackedMethodRefs>
                </SequencePoint>
                <SequencePoint vc="1" uspid="172" ordinal="3" offset="19" sl="126" sc="13" el="126" ec="61" bec="0" bev="0" fileid="3">
                  <TrackedMethodRefs>
                    <TrackedMethodRef uid="15" vc="1" />
                  </TrackedMethodRefs>
                </SequencePoint>
                <SequencePoint vc="1" uspid="173" ordinal="4" offset="36" sl="127" sc="13" el="127" ec="70" bec="0" bev="0" fileid="3">
                  <TrackedMethodRefs>
                    <TrackedMethodRef uid="15" vc="1" />
                  </TrackedMethodRefs>
                </SequencePoint>
                <SequencePoint vc="1" uspid="174" ordinal="5" offset="57" sl="128" sc="9" el="128" ec="10" bec="0" bev="0" fileid="3">
                  <TrackedMethodRefs>
                    <TrackedMethodRef uid="15" vc="1" />
                  </TrackedMethodRefs>
                </SequencePoint>
              </SequencePoints>
              <BranchPoints />
              <MethodPoint xsi:type="SequencePoint" vc="1" uspid="169" ordinal="0" offset="0" sl="123" sc="9" el="123" ec="10" bec="0" bev="0" fileid="3">
                <TrackedMethodRefs>
                  <TrackedMethodRef uid="15" vc="1" />
                </TrackedMethodRefs>
              </MethodPoint>
            </Method>
            <Method visited="true" cyclomaticComplexity="8" nPathComplexity="4" sequenceCoverage="100" branchCoverage="100" crapScore="8" isConstructor="false" isStatic="false" isGetter="false" isSetter="false">
              <Summary numSequencePoints="36" visitedSequencePoints="36" numBranchPoints="5" visitedBranchPoints="5" sequenceCoverage="100" branchCoverage="100" maxCyclomaticComplexity="8" minCyclomaticComplexity="8" maxCrapScore="8" minCrapScore="8" visitedClasses="0" numClasses="0" visitedMethods="1" numMethods="1" />
              <MetadataToken>100663315</MetadataToken>
              <Name>System.Void Assignment5.Tests.RecipeBookTests::ListShowTest()</Name>
              <FileRef uid="3" />
              <SequencePoints>
                <SequencePoint vc="1" uspid="175" ordinal="0" offset="0" sl="132" sc="9" el="132" ec="10" bec="0" bev="0" fileid="3">
                  <TrackedMethodRefs>
                    <TrackedMethodRef uid="16" vc="1" />
                  </TrackedMethodRefs>
                </SequencePoint>
                <SequencePoint vc="1" uspid="176" ordinal="1" offset="1" sl="133" sc="13" el="133" ec="46" bec="0" bev="0" fileid="3">
                  <TrackedMethodRefs>
                    <TrackedMethodRef uid="16" vc="1" />
                  </TrackedMethodRefs>
                </SequencePoint>
                <SequencePoint vc="2" uspid="177" ordinal="2" offset="9" sl="135" sc="17" el="135" ec="57" bec="0" bev="0" fileid="3">
                  <TrackedMethodRefs>
                    <TrackedMethodRef uid="16" vc="2" />
                  </TrackedMethodRefs>
                </SequencePoint>
                <SequencePoint vc="3" uspid="178" ordinal="3" offset="30" sl="134" sc="13" el="134" ec="56" bec="2" bev="2" fileid="3">
                  <TrackedMethodRefs>
                    <TrackedMethodRef uid="16" vc="3" />
                  </TrackedMethodRefs>
                </SequencePoint>
                <SequencePoint vc="1" uspid="179" ordinal="4" offset="52" sl="136" sc="20" el="136" ec="68" bec="0" bev="0" fileid="3">
                  <TrackedMethodRefs>
                    <TrackedMethodRef uid="16" vc="1" />
                  </TrackedMethodRefs>
                </SequencePoint>
                <SequencePoint vc="1" uspid="180" ordinal="5" offset="59" sl="137" sc="13" el="137" ec="14" bec="0" bev="0" fileid="3">
                  <TrackedMethodRefs>
                    <TrackedMethodRef uid="16" vc="1" />
                  </TrackedMethodRefs>
                </SequencePoint>
                <SequencePoint vc="1" uspid="181" ordinal="6" offset="60" sl="138" sc="17" el="138" ec="40" bec="0" bev="0" fileid="3">
                  <TrackedMethodRefs>
                    <TrackedMethodRef uid="16" vc="1" />
                  </TrackedMethodRefs>
                </SequencePoint>
                <SequencePoint vc="1" uspid="182" ordinal="7" offset="67" sl="139" sc="17" el="139" ec="43" bec="0" bev="0" fileid="3">
                  <TrackedMethodRefs>
                    <TrackedMethodRef uid="16" vc="1" />
                  </TrackedMethodRefs>
                </SequencePoint>
                <SequencePoint vc="1" uspid="183" ordinal="8" offset="78" sl="140" sc="17" el="140" ec="45" bec="0" bev="0" fileid="3">
                  <TrackedMethodRefs>
                    <TrackedMethodRef uid="16" vc="1" />
                  </TrackedMethodRefs>
                </SequencePoint>
                <SequencePoint vc="1" uspid="184" ordinal="9" offset="89" sl="141" sc="13" el="141" ec="14" bec="0" bev="0" fileid="3">
                  <TrackedMethodRefs>
                    <TrackedMethodRef uid="16" vc="1" />
                  </TrackedMethodRefs>
                </SequencePoint>
                <SequencePoint vc="1" uspid="185" ordinal="10" offset="103" sl="142" sc="20" el="142" ec="68" bec="0" bev="0" fileid="3">
                  <TrackedMethodRefs>
                    <TrackedMethodRef uid="16" vc="1" />
                  </TrackedMethodRefs>
                </SequencePoint>
                <SequencePoint vc="1" uspid="186" ordinal="11" offset="110" sl="143" sc="13" el="143" ec="14" bec="0" bev="0" fileid="3">
                  <TrackedMethodRefs>
                    <TrackedMethodRef uid="16" vc="1" />
                  </TrackedMethodRefs>
                </SequencePoint>
                <SequencePoint vc="1" uspid="187" ordinal="12" offset="111" sl="144" sc="17" el="144" ec="39" bec="0" bev="0" fileid="3">
                  <TrackedMethodRefs>
                    <TrackedMethodRef uid="16" vc="1" />
                  </TrackedMethodRefs>
                </SequencePoint>
                <SequencePoint vc="1" uspid="188" ordinal="13" offset="118" sl="145" sc="17" el="145" ec="63" bec="0" bev="0" fileid="3">
                  <TrackedMethodRefs>
                    <TrackedMethodRef uid="16" vc="1" />
                  </TrackedMethodRefs>
                </SequencePoint>
                <SequencePoint vc="1" uspid="189" ordinal="14" offset="134" sl="146" sc="17" el="146" ec="43" bec="0" bev="0" fileid="3">
                  <TrackedMethodRefs>
                    <TrackedMethodRef uid="16" vc="1" />
                  </TrackedMethodRefs>
                </SequencePoint>
                <SequencePoint vc="1" uspid="190" ordinal="15" offset="145" sl="148" sc="13" el="148" ec="14" bec="0" bev="0" fileid="3">
                  <TrackedMethodRefs>
                    <TrackedMethodRef uid="16" vc="1" />
                  </TrackedMethodRefs>
                </SequencePoint>
                <SequencePoint vc="1" uspid="191" ordinal="16" offset="159" sl="149" sc="13" el="149" ec="44" bec="0" bev="0" fileid="3">
                  <TrackedMethodRefs>
                    <TrackedMethodRef uid="16" vc="1" />
                  </TrackedMethodRefs>
                </SequencePoint>
                <SequencePoint vc="1" uspid="192" ordinal="17" offset="175" sl="150" sc="13" el="150" ec="44" bec="0" bev="0" fileid="3">
                  <TrackedMethodRefs>
                    <TrackedMethodRef uid="16" vc="1" />
                  </TrackedMethodRefs>
                </SequencePoint>
                <SequencePoint vc="1" uspid="193" ordinal="18" offset="191" sl="151" sc="20" el="151" ec="68" bec="0" bev="0" fileid="3">
                  <TrackedMethodRefs>
                    <TrackedMethodRef uid="16" vc="1" />
                  </TrackedMethodRefs>
                </SequencePoint>
                <SequencePoint vc="1" uspid="194" ordinal="19" offset="199" sl="152" sc="13" el="152" ec="14" bec="0" bev="0" fileid="3">
                  <TrackedMethodRefs>
                    <TrackedMethodRef uid="16" vc="1" />
                  </TrackedMethodRefs>
                </SequencePoint>
                <SequencePoint vc="1" uspid="195" ordinal="20" offset="200" sl="153" sc="17" el="153" ec="40" bec="0" bev="0" fileid="3">
                  <TrackedMethodRefs>
                    <TrackedMethodRef uid="16" vc="1" />
                  </TrackedMethodRefs>
                </SequencePoint>
                <SequencePoint vc="1" uspid="196" ordinal="21" offset="208" sl="154" sc="17" el="154" ec="43" bec="0" bev="0" fileid="3">
                  <TrackedMethodRefs>
                    <TrackedMethodRef uid="16" vc="1" />
                  </TrackedMethodRefs>
                </SequencePoint>
                <SequencePoint vc="1" uspid="197" ordinal="22" offset="219" sl="155" sc="17" el="155" ec="45" bec="0" bev="0" fileid="3">
                  <TrackedMethodRefs>
                    <TrackedMethodRef uid="16" vc="1" />
                  </TrackedMethodRefs>
                </SequencePoint>
                <SequencePoint vc="1" uspid="198" ordinal="23" offset="230" sl="156" sc="13" el="156" ec="14" bec="0" bev="0" fileid="3">
                  <TrackedMethodRefs>
                    <TrackedMethodRef uid="16" vc="1" />
                  </TrackedMethodRefs>
                </SequencePoint>
                <SequencePoint vc="1" uspid="199" ordinal="24" offset="246" sl="157" sc="20" el="157" ec="68" bec="0" bev="0" fileid="3">
                  <TrackedMethodRefs>
                    <TrackedMethodRef uid="16" vc="1" />
                  </TrackedMethodRefs>
                </SequencePoint>
                <SequencePoint vc="1" uspid="200" ordinal="25" offset="254" sl="158" sc="13" el="158" ec="14" bec="0" bev="0" fileid="3">
                  <TrackedMethodRefs>
                    <TrackedMethodRef uid="16" vc="1" />
                  </TrackedMethodRefs>
                </SequencePoint>
                <SequencePoint vc="1" uspid="201" ordinal="26" offset="255" sl="159" sc="17" el="159" ec="39" bec="0" bev="0" fileid="3">
                  <TrackedMethodRefs>
                    <TrackedMethodRef uid="16" vc="1" />
                  </TrackedMethodRefs>
                </SequencePoint>
                <SequencePoint vc="1" uspid="202" ordinal="27" offset="263" sl="160" sc="22" el="160" ec="31" bec="0" bev="0" fileid="3">
                  <TrackedMethodRefs>
                    <TrackedMethodRef uid="16" vc="1" />
                  </TrackedMethodRefs>
                </SequencePoint>
                <SequencePoint vc="2" uspid="203" ordinal="28" offset="268" sl="161" sc="17" el="161" ec="18" bec="0" bev="0" fileid="3">
                  <TrackedMethodRefs>
                    <TrackedMethodRef uid="16" vc="2" />
                  </TrackedMethodRefs>
                </SequencePoint>
                <SequencePoint vc="2" uspid="204" ordinal="29" offset="269" sl="162" sc="21" el="162" ec="106" bec="0" bev="0" fileid="3">
                  <TrackedMethodRefs>
                    <TrackedMethodRef uid="16" vc="2" />
                  </TrackedMethodRefs>
                </SequencePoint>
                <SequencePoint vc="2" uspid="205" ordinal="30" offset="321" sl="163" sc="17" el="163" ec="18" bec="0" bev="0" fileid="3">
                  <TrackedMethodRefs>
[...]
                <SequencePoint vc="2" uspid="955" ordinal="13" offset="95" sl="132" sc="25" el="132" ec="26" bec="0" bev="0" fileid="12">
                  <TrackedMethodRefs>
                    <TrackedMethodRef uid="15" vc="2" />
                  </TrackedMethodRefs>
                </SequencePoint>
                <SequencePoint vc="2" uspid="956" ordinal="14" offset="96" sl="133" sc="21" el="133" ec="22" bec="0" bev="0" fileid="12">
                  <TrackedMethodRefs>
                    <TrackedMethodRef uid="15" vc="2" />
                  </TrackedMethodRefs>
                </SequencePoint>
                <SequencePoint vc="4" uspid="957" ordinal="15" offset="97" sl="127" sc="36" el="127" ec="38" bec="0" bev="0" fileid="12">
                  <TrackedMethodRefs>
                    <TrackedMethodRef uid="15" vc="3" />
                    <TrackedMethodRef uid="14" vc="1" />
                  </TrackedMethodRefs>
                </SequencePoint>
                <SequencePoint vc="2" uspid="958" ordinal="16" offset="123" sl="134" sc="17" el="134" ec="18" bec="0" bev="0" fileid="12">
                  <TrackedMethodRefs>
                    <TrackedMethodRef uid="15" vc="1" />
                    <TrackedMethodRef uid="14" vc="1" />
                  </TrackedMethodRefs>
                </SequencePoint>
                <SequencePoint vc="2" uspid="959" ordinal="17" offset="137" sl="135" sc="17" el="135" ec="67" bec="0" bev="0" fileid="12">
                  <TrackedMethodRefs>
                    <TrackedMethodRef uid="15" vc="1" />
                    <TrackedMethodRef uid="14" vc="1" />
                  </TrackedMethodRefs>
                </SequencePoint>
                <SequencePoint vc="2" uspid="960" ordinal="18" offset="148" sl="136" sc="13" el="136" ec="14" bec="0" bev="0" fileid="12">
                  <TrackedMethodRefs>
                    <TrackedMethodRef uid="15" vc="1" />
                    <TrackedMethodRef uid="14" vc="1" />
                  </TrackedMethodRefs>
                </SequencePoint>
                <SequencePoint vc="2" uspid="961" ordinal="19" offset="149" sl="137" sc="9" el="137" ec="10" bec="0" bev="0" fileid="12">
                  <TrackedMethodRefs>
                    <TrackedMethodRef uid="15" vc="1" />
                    <TrackedMethodRef uid="14" vc="1" />
                  </TrackedMethodRefs>
                </SequencePoint>
              </SequencePoints>
              <BranchPoints>
                <BranchPoint vc="2" uspid="962" ordinal="0" offset="14" sl="122" path="0" offsetend="19" fileid="12">
                  <TrackedMethodRefs>
                    <TrackedMethodRef uid="15" vc="1" />
                    <TrackedMethodRef uid="14" vc="1" />
                  </TrackedMethodRefs>
                </BranchPoint>
                <BranchPoint vc="0" uspid="963" ordinal="1" offset="14" sl="122" path="1" offsetend="149" fileid="12" />
                <BranchPoint vc="2" uspid="964" ordinal="2" offset="84" sl="129" path="0" offsetend="86" fileid="12">
                  <TrackedMethodRefs>
                    <TrackedMethodRef uid="15" vc="2" />
                  </TrackedMethodRefs>
                </BranchPoint>
                <BranchPoint vc="0" uspid="965" ordinal="3" offset="84" sl="129" path="1" offsetend="96" fileid="12" />
              </BranchPoints>
              <MethodPoint xsi:type="SequencePoint" vc="2" uspid="942" ordinal="0" offset="0" sl="121" sc="9" el="121" ec="10" bec="0" bev="0" fileid="12">
                <TrackedMethodRefs>
                  <TrackedMethodRef uid="15" vc="1" />
                  <TrackedMethodRef uid="14" vc="1" />
                </TrackedMethodRefs>
              </MethodPoint>
            </Method>
            <Method visited="true" cyclomaticComplexity="5" nPathComplexity="4" sequenceCoverage="100" branchCoverage="100" crapScore="5" isConstructor="false" isStatic="false" isGetter="false" isSetter="false">
              <Summary numSequencePoints="20" visitedSequencePoints="20" numBranchPoints="5" visitedBranchPoints="5" sequenceCoverage="100" branchCoverage="100" maxCyclomaticComplexity="5" minCyclomaticComplexity="5" maxCrapScore="5" minCrapScore="5" visitedClasses="0" numClasses="0" visitedMethods="1" numMethods="1" />
              <MetadataToken>100663355</MetadataToken>
              <Name>System.Boolean Assignment5.RecipeBook::Load(System.String)</Name>
              <FileRef uid="12" />
              <SequencePoints>
                <SequencePoint vc="2" uspid="968" ordinal="0" offset="0" sl="146" sc="9" el="146" ec="10" bec="0" bev="0" fileid="12">
                  <TrackedMethodRefs>
                    <TrackedMethodRef uid="15" vc="2" />
                  </TrackedMethodRefs>
                </SequencePoint>
                <SequencePoint vc="2" uspid="969" ordinal="1" offset="1" sl="147" sc="13" el="147" ec="90" bec="2" bev="2" fileid="12">
                  <TrackedMethodRefs>
                    <TrackedMethodRef uid="15" vc="2" />
                  </TrackedMethodRefs>
                </SequencePoint>
                <SequencePoint vc="1" uspid="970" ordinal="2" offset="31" sl="148" sc="13" el="148" ec="14" bec="0" bev="0" fileid="12">
                  <TrackedMethodRefs>
                    <TrackedMethodRef uid="15" vc="1" />
                  </TrackedMethodRefs>
                </SequencePoint>
                <SequencePoint vc="1" uspid="971" ordinal="3" offset="32" sl="149" sc="17" el="149" ec="68" bec="0" bev="0" fileid="12">
                  <TrackedMethodRefs>
                    <TrackedMethodRef uid="15" vc="1" />
                  </TrackedMethodRefs>
                </SequencePoint>
                <SequencePoint vc="1" uspid="972" ordinal="4" offset="43" sl="150" sc="17" el="150" ec="30" bec="0" bev="0" fileid="12">
                  <TrackedMethodRefs>
                    <TrackedMethodRef uid="15" vc="1" />
                  </TrackedMethodRefs>
                </SequencePoint>
                <SequencePoint vc="1" uspid="973" ordinal="5" offset="47" sl="153" sc="20" el="153" ec="74" bec="0" bev="0" fileid="12">
                  <TrackedMethodRefs>
                    <TrackedMethodRef uid="15" vc="1" />
                  </TrackedMethodRefs>
                </SequencePoint>
                <SequencePoint vc="1" uspid="974" ordinal="6" offset="54" sl="154" sc="13" el="154" ec="14" bec="0" bev="0" fileid="12">
                  <TrackedMethodRefs>
                    <TrackedMethodRef uid="15" vc="1" />
                  </TrackedMethodRefs>
                </SequencePoint>
                <SequencePoint vc="1" uspid="975" ordinal="7" offset="55" sl="155" sc="17" el="155" ec="64" bec="0" bev="0" fileid="12">
                  <TrackedMethodRefs>
                    <TrackedMethodRef uid="15" vc="1" />
                  </TrackedMethodRefs>
                </SequencePoint>
                <SequencePoint vc="1" uspid="976" ordinal="8" offset="67" sl="156" sc="17" el="156" ec="60" bec="0" bev="0" fileid="12">
                  <TrackedMethodRefs>
                    <TrackedMethodRef uid="15" vc="1" />
                  </TrackedMethodRefs>
                </SequencePoint>
                <SequencePoint vc="1" uspid="977" ordinal="9" offset="80" sl="158" sc="22" el="158" ec="31" bec="0" bev="0" fileid="12">
                  <TrackedMethodRefs>
                    <TrackedMethodRef uid="15" vc="1" />
                  </TrackedMethodRefs>
                </SequencePoint>
                <SequencePoint vc="2" uspid="978" ordinal="10" offset="85" sl="159" sc="17" el="159" ec="18" bec="0" bev="0" fileid="12">
                  <TrackedMethodRefs>
                    <TrackedMethodRef uid="15" vc="2" />
                  </TrackedMethodRefs>
                </SequencePoint>
                <SequencePoint vc="2" uspid="979" ordinal="11" offset="86" sl="160" sc="21" el="160" ec="59" bec="0" bev="0" fileid="12">
                  <TrackedMethodRefs>
                    <TrackedMethodRef uid="15" vc="2" />
                  </TrackedMethodRefs>
                </SequencePoint>
                <SequencePoint vc="2" uspid="980" ordinal="12" offset="94" sl="161" sc="21" el="161" ec="44" bec="0" bev="0" fileid="12">
                  <TrackedMethodRefs>
                    <TrackedMethodRef uid="15" vc="2" />
                  </TrackedMethodRefs>
                </SequencePoint>
                <SequencePoint vc="2" uspid="981" ordinal="13" offset="108" sl="162" sc="17" el="162" ec="18" bec="0" bev="0" fileid="12">
                  <TrackedMethodRefs>
                    <TrackedMethodRef uid="15" vc="2" />
                  </TrackedMethodRefs>
                </SequencePoint>
                <SequencePoint vc="2" uspid="982" ordinal="14" offset="109" sl="158" sc="50" el="158" ec="53" bec="0" bev="0" fileid="12">
                  <TrackedMethodRefs>
                    <TrackedMethodRef uid="15" vc="2" />
                  </TrackedMethodRefs>
                </SequencePoint>
                <SequencePoint vc="3" uspid="983" ordinal="15" offset="115" sl="158" sc="33" el="158" ec="48" bec="2" bev="2" fileid="12">
                  <TrackedMethodRefs>
                    <TrackedMethodRef uid="15" vc="3" />
                  </TrackedMethodRefs>
                </SequencePoint>
                <SequencePoint vc="1" uspid="984" ordinal="16" offset="126" sl="163" sc="13" el="163" ec="14" bec="0" bev="0" fileid="12">
                  <TrackedMethodRefs>
                    <TrackedMethodRef uid="15" vc="1" />
                  </TrackedMethodRefs>
                </SequencePoint>
                <SequencePoint vc="1" uspid="985" ordinal="17" offset="140" sl="164" sc="13" el="164" ec="66" bec="0" bev="0" fileid="12">
                  <TrackedMethodRefs>
                    <TrackedMethodRef uid="15" vc="1" />
                  </TrackedMethodRefs>
                </SequencePoint>
                <SequencePoint vc="1" uspid="986" ordinal="18" offset="151" sl="165" sc="13" el="165" ec="25" bec="0" bev="0" fileid="12">
                  <TrackedMethodRefs>
                    <TrackedMethodRef uid="15" vc="1" />
                  </TrackedMethodRefs>
                </SequencePoint>
                <SequencePoint vc="2" uspid="987" ordinal="19" offset="155" sl="166" sc="9" el="166" ec="10" bec="0" bev="0" fileid="12">
                  <TrackedMethodRefs>
                    <TrackedMethodRef uid="15" vc="2" />
                  </TrackedMethodRefs>
                </SequencePoint>
              </SequencePoints>
              <BranchPoints>
                <BranchPoint vc="1" uspid="990" ordinal="2" offset="29" sl="147" path="0" offsetend="31" fileid="12">
                  <TrackedMethodRefs>
                    <TrackedMethodRef uid="15" vc="1" />
                  </TrackedMethodRefs>
                </BranchPoint>
                <BranchPoint vc="1" uspid="991" ordinal="3" offset="29" sl="147" path="1" offsetend="47" fileid="12">
                  <TrackedMethodRefs>
                    <TrackedMethodRef uid="15" vc="1" />
                  </TrackedMethodRefs>
                </BranchPoint>
                <BranchPoint vc="1" uspid="992" ordinal="4" offset="124" sl="158" path="0" offsetend="126" fileid="12">
                  <TrackedMethodRefs>
                    <TrackedMethodRef uid="15" vc="1" />
                  </TrackedMethodRefs>
                </BranchPoint>
                <BranchPoint vc="2" uspid="993" ordinal="5" offset="124" sl="158" path="1" offsetend="85" fileid="12">
                  <TrackedMethodRefs>
                    <TrackedMethodRef uid="15" vc="2" />
                  </TrackedMethodRefs>
                </BranchPoint>
              </BranchPoints>
              <MethodPoint xsi:type="SequencePoint" vc="2" uspid="968" ordinal="0" offset="0" sl="146" sc="9" el="146" ec="10" bec="0" bev="0" fileid="12">
                <TrackedMethodRefs>
                  <TrackedMethodRef uid="15" vc="2" />
                </TrackedMethodRefs>
              </MethodPoint>
            </Method>
            <Method visited="true" cyclomaticComplexity="1" nPathComplexity="0" sequenceCoverage="100" branchCoverage="100" crapScore="1" isConstructor="false" isStatic="false" isGetter="false" isSetter="false">
              <Summary numSequencePoints="3" visitedSequencePoints="3" numBranchPoints="1" visitedBranchPoints="1" sequenceCoverage="100" branchCoverage="100" maxCyclomaticComplexity="1" minCyclomaticComplexity="1" maxCrapScore="1" minCrapScore="1" visitedClasses="0" numClasses="0" visitedMethods="1" numMethods="1" />
              <MetadataToken>100663356</MetadataToken>
              <Name>System.String Assignment5.RecipeBook::SearchResult(Assignment5.Recipe)</Name>
              <FileRef uid="12" />
              <SequencePoints>
                <SequencePoint vc="1" uspid="994" ordinal="0" offset="0" sl="174" sc="9" el="174" ec="10" bec="0" bev="0" fileid="12">
                  <TrackedMethodRefs>
                    <TrackedMethodRef uid="13" vc="1" />
                  </TrackedMethodRefs>
                </SequencePoint>
                <SequencePoint vc="1" uspid="995" ordinal="1" offset="1" sl="175" sc="13" el="179" ec="56" bec="0" bev="0" fileid="12">
                  <TrackedMethodRefs>
                    <TrackedMethodRef uid="13" vc="1" />
                  </TrackedMethodRefs>
                </SequencePoint>
                <SequencePoint vc="1" uspid="996" ordinal="2" offset="115" sl="180" sc="9" el="180" ec="10" bec="0" bev="0" fileid="12">
                  <TrackedMethodRefs>
                    <TrackedMethodRef uid="13" vc="1" />
                  </TrackedMethodRefs>
                </SequencePoint>
              </SequencePoints>
              <BranchPoints />
              <MethodPoint xsi:type="SequencePoint" vc="1" uspid="994" ordinal="0" offset="0" sl="174" sc="9" el="174" ec="10" bec="0" bev="0" fileid="12">
                <TrackedMethodRefs>
                  <TrackedMethodRef uid="13" vc="1" />
                </TrackedMethodRefs>
              </MethodPoint>
            </Method>
            <Method visited="true" cyclomaticComplexity="4" nPathComplexity="4" sequenceCoverage="100" branchCoverage="100" crapScore="4" isConstructor="false" isStatic="false" isGetter="false" isSetter="false">
              <Summary numSequencePoints="11" visitedSequencePoints="11" numBranchPoints="5" visitedBranchPoints="5" sequenceCoverage="100" branchCoverage="100" maxCyclomaticComplexity="4" minCyclomaticComplexity="4" maxCrapScore="4" minCrapScore="4" visitedClasses="0" numClasses="0" visitedMethods="1" numMethods="1" />
              <MetadataToken>100663357</MetadataToken>
              <Name>System.Void Assignment5.RecipeBook::ListShow()</Name>
              <FileRef uid="12" />
              <SequencePoints>
                <SequencePoint vc="2" uspid="997" ordinal="0" offset="0" sl="183" sc="9" el="183" ec="10" bec="0" bev="0" fileid="12">
                  <TrackedMethodRefs>
                    <TrackedMethodRef uid="16" vc="2" />
                  </TrackedMethodRefs>
                </SequencePoint>
                <SequencePoint vc="2" uspid="998" ordinal="1" offset="1" sl="184" sc="18" el="184" ec="27" bec="0" bev="0" fileid="12">
                  <TrackedMethodRefs>
                    <TrackedMethodRef uid="16" vc="2" />
                  </TrackedMethodRefs>
                </SequencePoint>
                <SequencePoint vc="2" uspid="999" ordinal="2" offset="5" sl="185" sc="13" el="185" ec="14" bec="0" bev="0" fileid="12">
                  <TrackedMethodRefs>
                    <TrackedMethodRef uid="16" vc="2" />
                  </TrackedMethodRefs>
                </SequencePoint>
                <SequencePoint vc="2" uspid="1000" ordinal="3" offset="6" sl="186" sc="17" el="186" ec="69" bec="0" bev="0" fileid="12">
                  <TrackedMethodRefs>
                    <TrackedMethodRef uid="16" vc="2" />
                  </TrackedMethodRefs>
                </SequencePoint>
                <SequencePoint vc="2" uspid="1001" ordinal="4" offset="47" sl="187" sc="13" el="187" ec="14" bec="0" bev="0" fileid="12">
                  <TrackedMethodRefs>
                    <TrackedMethodRef uid="16" vc="2" />
                  </TrackedMethodRefs>
                </SequencePoint>
                <SequencePoint vc="2" uspid="1002" ordinal="5" offset="48" sl="184" sc="75" el="184" ec="78" bec="0" bev="0" fileid="12">
                  <TrackedMethodRefs>
                    <TrackedMethodRef uid="16" vc="2" />
                  </TrackedMethodRefs>
                </SequencePoint>
                <SequencePoint vc="4" uspid="1003" ordinal="6" offset="52" sl="184" sc="29" el="184" ec="73" bec="2" bev="2" fileid="12">
                  <TrackedMethodRefs>
                    <TrackedMethodRef uid="16" vc="4" />
                  </TrackedMethodRefs>
                </SequencePoint>
                <SequencePoint vc="2" uspid="1004" ordinal="7" offset="88" sl="188" sc="13" el="188" ec="39" bec="2" bev="2" fileid="12">
                  <TrackedMethodRefs>
                    <TrackedMethodRef uid="16" vc="2" />
                  </TrackedMethodRefs>
                </SequencePoint>
                <SequencePoint vc="1" uspid="1005" ordinal="8" offset="106" sl="189" sc="17" el="189" ec="45" bec="0" bev="0" fileid="12">
                  <TrackedMethodRefs>
                    <TrackedMethodRef uid="16" vc="1" />
                  </TrackedMethodRefs>
                </SequencePoint>
                <SequencePoint vc="2" uspid="1006" ordinal="9" offset="117" sl="190" sc="13" el="190" ec="33" bec="0" bev="0" fileid="12">
                  <TrackedMethodRefs>
                    <TrackedMethodRef uid="16" vc="2" />
                  </TrackedMethodRefs>
                </SequencePoint>
                <SequencePoint vc="2" uspid="1007" ordinal="10" offset="123" sl="191" sc="9" el="191" ec="10" bec="0" bev="0" fileid="12">
                  <TrackedMethodRefs>
                    <TrackedMethodRef uid="16" vc="2" />
                  </TrackedMethodRefs>
                </SequencePoint>
              </SequencePoints>
              <BranchPoints>
                <BranchPoint vc="2" uspid="1010" ordinal="2" offset="86" sl="184" path="0" offsetend="88" fileid="12">
                  <TrackedMethodRefs>
                    <TrackedMethodRef uid="16" vc="2" />
                  </TrackedMethodRefs>
                </BranchPoint>
                <BranchPoint vc="2" uspid="1011" ordinal="3" offset="86" sl="184" path="1" offsetend="5" fileid="12">
                  <TrackedMethodRefs>
                    <TrackedMethodRef uid="16" vc="2" />
                  </TrackedMethodRefs>
                </BranchPoint>
                <BranchPoint vc="1" uspid="1012" ordinal="4" offset="104" sl="188" path="0" offsetend="106" fileid="12">
                  <TrackedMethodRefs>
                    <TrackedMethodRef uid="16" vc="1" />
                  </TrackedMethodRefs>
                </BranchPoint>
                <BranchPoint vc="1" uspid="1013" ordinal="5" offset="104" sl="188" path="1" offsetend="117" fileid="12">
                  <TrackedMethodRefs>
                    <TrackedMethodRef uid="16" vc="1" />
                  </TrackedMethodRefs>
                </BranchPoint>
              </BranchPoints>
              <MethodPoint xsi:type="SequencePoint" vc="2" uspid="997" ordinal="0" offset="0" sl="183" sc="9" el="183" ec="10" bec="0" bev="0" fileid="12">
                <TrackedMethodRefs>
                  <TrackedMethodRef uid="16" vc="2" />
                </TrackedMethodRefs>
              </MethodPoint>
            </Method>
          </Methods>
        </Class>
      </Classes>
      <TrackedMethods />
    </Module>
  </Modules>
</CoverageSession>